#
# A fatal error has been detected by the Java Runtime Environment:
#
#  EXCEPTION_ACCESS_VIOLATION (0xc0000005) at pc=0x00007ffb355f45a6, pid=26116, tid=2908
#
# JRE version: Java(TM) SE Runtime Environment (18.0.2.1+1) (build 18.0.2.1+1-1)
# Java VM: Java HotSpot(TM) 64-Bit Server VM (18.0.2.1+1-1, mixed mode, sharing, tiered, compressed oops, compressed class ptrs, g1 gc, windows-amd64)
# Problematic frame:
# V  [jvm.dll+0x3245a6]
#
# No core dump will be written. Minidumps are not enabled by default on client versions of Windows
#
# If you would like to submit a bug report, please visit:
#   https://bugreport.java.com/bugreport/crash.jsp
#

---------------  S U M M A R Y ------------

Command Line: -XX:+ShowCodeDetailsInExceptionMessages -agentlib:jdwp=transport=dt_socket,suspend=y,address=localhost:53009 -javaagent:D:\Eclipse\eclipse\configuration\org.eclipse.osgi\424\0\.cp\lib\javaagent-shaded.jar -Dfile.encoding=UTF-8 com.shoppeClone.shoppeClone.ShoppeCloneApplication

Host: 11th Gen Intel(R) Core(TM) i5-1135G7 @ 2.40GHz, 8 cores, 7G,  Windows 11 , 64 bit Build 22621 (10.0.22621.2070)
Time: Sun Aug 20 21:05:15 2023 SE Asia Standard Time elapsed time: 3737.102663 seconds (0d 1h 2m 17s)

---------------  T H R E A D  ---------------

Current thread (0x000001af71071cf0):  WorkerThread "GC Thread#6" [stack: 0x0000001327e00000,0x0000001327f00000] [id=2908]

Stack: [0x0000001327e00000,0x0000001327f00000],  sp=0x0000001327efe000,  free space=1016k
Native frames: (J=compiled Java code, j=interpreted, Vv=VM code, C=native code)
V  [jvm.dll+0x3245a6]
V  [jvm.dll+0x336288]
V  [jvm.dll+0x2e668b]
V  [jvm.dll+0x2e6124]
V  [jvm.dll+0x2e60b5]
V  [jvm.dll+0x7a4f06]
V  [jvm.dll+0x7a4d99]
V  [jvm.dll+0x7a5370]
V  [jvm.dll+0x3368ac]
V  [jvm.dll+0x336745]
V  [jvm.dll+0x33ed64]
V  [jvm.dll+0x33eedb]
V  [jvm.dll+0x820904]
V  [jvm.dll+0x7a120a]
V  [jvm.dll+0x698255]
C  [ucrtbase.dll+0x29363]
C  [KERNEL32.DLL+0x126ad]
C  [ntdll.dll+0x5aa68]

JavaThread 0x000001af76bcaf60 (nid = 24628) was being processed
Java frames: (J=compiled Java code, j=interpreted, Vv=VM code)
j  java.lang.invoke.DirectMethodHandle$Holder.newInvokeSpecial(Ljava/lang/Object;)Ljava/lang/Object;+15 java.base@18.0.2.1
J 12735 c2 java.lang.reflect.Constructor.newInstanceWithCaller([Ljava/lang/Object;ZLjava/lang/Class;)Ljava/lang/Object; java.base@18.0.2.1 (51 bytes) @ 0x000001af5dba5ac8 [0x000001af5dba56a0+0x0000000000000428]
J 3325 c1 org.springframework.beans.BeanUtils.instantiateClass(Ljava/lang/reflect/Constructor;[Ljava/lang/Object;)Ljava/lang/Object; (208 bytes) @ 0x000001af56585fb4 [0x000001af565851c0+0x0000000000000df4]
J 10276 c1 org.springframework.beans.factory.support.SimpleInstantiationStrategy.instantiate(Lorg/springframework/beans/factory/support/RootBeanDefinition;Ljava/lang/String;Lorg/springframework/beans/factory/BeanFactory;)Ljava/lang/Object; (123 bytes) @ 0x000001af57087364 [0x000001af57086c20+0x0000000000000744]
J 10366 c1 org.springframework.beans.factory.support.AbstractAutowireCapableBeanFactory.instantiateBean(Ljava/lang/String;Lorg/springframework/beans/factory/support/RootBeanDefinition;)Lorg/springframework/beans/BeanWrapper; (51 bytes) @ 0x000001af570ae9fc [0x000001af570ae940+0x00000000000000bc]
J 8293 c1 org.springframework.beans.factory.support.AbstractAutowireCapableBeanFactory.createBeanInstance(Ljava/lang/String;Lorg/springframework/beans/factory/support/RootBeanDefinition;[Ljava/lang/Object;)Lorg/springframework/beans/BeanWrapper; (241 bytes) @ 0x000001af565a60ec [0x000001af565a5bc0+0x000000000000052c]
J 8171 c1 org.springframework.beans.factory.support.AbstractAutowireCapableBeanFactory.doCreateBean(Ljava/lang/String;Lorg/springframework/beans/factory/support/RootBeanDefinition;[Ljava/lang/Object;)Ljava/lang/Object; (469 bytes) @ 0x000001af55f68de4 [0x000001af55f68880+0x0000000000000564]
J 8174 c1 org.springframework.beans.factory.support.AbstractAutowireCapableBeanFactory.createBean(Ljava/lang/String;Lorg/springframework/beans/factory/support/RootBeanDefinition;[Ljava/lang/Object;)Ljava/lang/Object; (214 bytes) @ 0x000001af56b14dfc [0x000001af56b13a60+0x000000000000139c]
J 8248 c1 org.springframework.beans.factory.support.AbstractBeanFactory.lambda$doGetBean$0(Ljava/lang/String;Lorg/springframework/beans/factory/support/RootBeanDefinition;[Ljava/lang/Object;)Ljava/lang/Object; (18 bytes) @ 0x000001af56266594 [0x000001af56266460+0x0000000000000134]
J 8247 c1 org.springframework.beans.factory.support.AbstractBeanFactory$$Lambda$376+0x0000000800e48628.getObject()Ljava/lang/Object; (20 bytes) @ 0x000001af56267bcc [0x000001af56267b40+0x000000000000008c]
J 8249 c1 org.springframework.beans.factory.support.DefaultSingletonBeanRegistry.getSingleton(Ljava/lang/String;Lorg/springframework/beans/factory/ObjectFactory;)Ljava/lang/Object; (279 bytes) @ 0x000001af56263d34 [0x000001af562635c0+0x0000000000000774]
J 12038 c2 org.springframework.beans.factory.support.AbstractBeanFactory.doGetBean(Ljava/lang/String;Ljava/lang/Class;[Ljava/lang/Object;Z)Ljava/lang/Object; (714 bytes) @ 0x000001af5dacf088 [0x000001af5dace5a0+0x0000000000000ae8]
J 8147 c1 org.springframework.beans.factory.support.AbstractBeanFactory.getBean(Ljava/lang/String;)Ljava/lang/Object; (9 bytes) @ 0x000001af563bcbe4 [0x000001af563bcac0+0x0000000000000124]
j  org.springframework.beans.factory.support.DefaultListableBeanFactory.preInstantiateSingletons()V+152
j  org.springframework.context.support.AbstractApplicationContext.finishBeanFactoryInitialization(Lorg/springframework/beans/factory/config/ConfigurableListableBeanFactory;)V+130
j  org.springframework.context.support.AbstractApplicationContext.refresh()V+86
j  org.springframework.boot.web.servlet.context.ServletWebServerApplicationContext.refresh()V+1
j  org.springframework.boot.SpringApplication.refresh(Lorg/springframework/context/ConfigurableApplicationContext;)V+1
j  org.springframework.boot.SpringApplication.refreshContext(Lorg/springframework/context/ConfigurableApplicationContext;)V+16
j  org.springframework.boot.SpringApplication.run([Ljava/lang/String;)Lorg/springframework/context/ConfigurableApplicationContext;+101
j  org.springframework.boot.SpringApplication.run([Ljava/lang/Class;[Ljava/lang/String;)Lorg/springframework/context/ConfigurableApplicationContext;+9
j  org.springframework.boot.SpringApplication.run(Ljava/lang/Class;[Ljava/lang/String;)Lorg/springframework/context/ConfigurableApplicationContext;+9
j  com.shoppeClone.shoppeClone.ShoppeCloneApplication.main([Ljava/lang/String;)V+3
j  java.lang.invoke.LambdaForm$DMH+0x0000000800cad000.invokeStatic(Ljava/lang/Object;Ljava/lang/Object;)V+10 java.base@18.0.2.1
j  java.lang.invoke.LambdaForm$MH+0x0000000800cb0000.invoke(Ljava/lang/Object;Ljava/lang/Object;Ljava/lang/Object;)Ljava/lang/Object;+33 java.base@18.0.2.1
J 10820 c2 java.lang.reflect.Method.invoke(Ljava/lang/Object;[Ljava/lang/Object;)Ljava/lang/Object; java.base@18.0.2.1 (108 bytes) @ 0x000001af5da47704 [0x000001af5da46d80+0x0000000000000984]
j  org.springframework.boot.devtools.restart.RestartLauncher.run()V+47
v  ~StubRoutines::call_stub

siginfo: EXCEPTION_ACCESS_VIOLATION (0xc0000005), reading address 0xffffacaa000000b0


Register to memory mapping:

RIP=0x00007ffb355f45a6 jvm.dll
RAX=0xffffacaa00000000 is an unknown value
RBX=0x0 is NULL
RCX=0x0 is NULL
RDX=0x0000000000013261 is an unknown value
RSP=0x0000001327efe000 points into unknown readable memory: 0x0000000000000000 | 00 00 00 00 00 00 00 00
RBP=0x0 is NULL
RSI=0x0000001327efe390 points into unknown readable memory: 0x00000013261fe378 | 78 e3 1f 26 13 00 00 00
RDI=0x00000013261fe380 is pointing into the stack for thread: 0x000001af76bcaf60
R8 =0x00000013261fe380 is pointing into the stack for thread: 0x000001af76bcaf60
R9 =0x000000000dbe4000 is an unknown value
R10=0x00000013261fe380 is pointing into the stack for thread: 0x000001af76bcaf60
R11=0x0000001327efe248 points into unknown readable memory: 0x00007ffb355b6124 | 24 61 5b 35 fb 7f 00 00
R12=0x000000000dbe4000 is an unknown value
R13=0x00000008006df1ef is pointing into metadata
R14=0x00000013261fe380 is pointing into the stack for thread: 0x000001af76bcaf60
R15=0x000001af7584a570 points into unknown readable memory: 0x00007ffb35bf4e90 | 90 4e bf 35 fb 7f 00 00


Registers:
RAX=0xffffacaa00000000, RBX=0x0000000000000000, RCX=0x0000000000000000, RDX=0x0000000000013261
RSP=0x0000001327efe000, RBP=0x0000000000000000, RSI=0x0000001327efe390, RDI=0x00000013261fe380
R8 =0x00000013261fe380, R9 =0x000000000dbe4000, R10=0x00000013261fe380, R11=0x0000001327efe248
R12=0x000000000dbe4000, R13=0x00000008006df1ef, R14=0x00000013261fe380, R15=0x000001af7584a570
RIP=0x00007ffb355f45a6, EFLAGS=0x0000000000010203

Top of Stack: (sp=0x0000001327efe000)
0x0000001327efe000:   0000000000000000 0000000000000000
0x0000001327efe010:   000000000000015f 00007ffb359584e8
0x0000001327efe020:   000000000000015f 000001af71067060
0x0000001327efe030:   ffffacaa00000000 00007ffb359e1ca0
0x0000001327efe040:   00000013261fe380 0000000000000000
0x0000001327efe050:   000001af76252f88 0000000000000003
0x0000001327efe060:   0000000000000003 000001af71042b90
0x0000001327efe070:   0000000000000000 00000013261fe380
0x0000001327efe080:   0000001327efe390 0000001327efe1d0
0x0000001327efe090:   000001af76252f88 00007ffb35606288
0x0000001327efe0a0:   0000001327ef0000 0000001327ef0000
0x0000001327efe0b0:   0000000800440068 00000013261fe380
0x0000001327efe0c0:   000001af76252f88 00007ffb355b668b
0x0000001327efe0d0:   0000000000000001 00000008004f59f8
0x0000001327efe0e0:   000001af76252f88 0000001327efe390
0x0000001327efe0f0:   0000000000000001 00000008000c8c48 

Instructions: (pc=0x00007ffb355f45a6)
0x00007ffb355f44a6:   c3 48 8b 5c 24 40 48 8b 6c 24 48 48 8b 74 24 50
0x00007ffb355f44b6:   48 83 c4 20 41 5f 41 5e 5f c3 40 53 55 56 57 41
0x00007ffb355f44c6:   54 41 55 41 56 41 57 48 83 ec 58 80 3d 51 f6 80
0x00007ffb355f44d6:   00 00 49 8b f9 4d 8b f0 0f b7 da 4c 8b f9 74 16
0x00007ffb355f44e6:   45 8b 68 08 8b 0d c0 b4 79 00 49 d3 e5 4c 03 2d
0x00007ffb355f44f6:   ae b4 79 00 eb 04 4d 8b 68 08 49 8b d5 49 8b ce
0x00007ffb355f4506:   e8 e5 0b ea ff 4c 8b e0 48 89 bc 24 b8 00 00 00
0x00007ffb355f4516:   33 c0 8b e8 0f b7 c3 66 c1 e8 08 66 89 84 24 a0
0x00007ffb355f4526:   00 00 00 84 c0 75 3f 40 0f b6 cf f6 d1 f6 c1 01
0x00007ffb355f4536:   75 05 48 8b ef eb 15 48 8d 54 24 40 48 8d 8c 24
0x00007ffb355f4546:   b8 00 00 00 e8 01 08 30 00 48 8b 28 48 c1 ed 03
0x00007ffb355f4556:   83 e5 0f 41 3b af 78 01 00 00 73 0a 66 89 9c 24
0x00007ffb355f4566:   a8 00 00 00 eb 12 66 c7 84 24 a8 00 00 00 00 01
0x00007ffb355f4576:   0f b7 9c 24 a8 00 00 00 49 8b 47 08 49 8b d6 66
0x00007ffb355f4586:   c1 eb 08 8b 88 48 02 00 00 48 8b 80 38 02 00 00
0x00007ffb355f4596:   48 d3 ea 48 0f be cb 48 8b 04 d0 48 89 44 24 30
0x00007ffb355f45a6:   44 8b 80 b0 00 00 00 49 8b 47 70 44 89 84 24 b0
0x00007ffb355f45b6:   00 00 00 48 8b 54 c8 10 84 db 75 04 4a 8d 14 c2
0x00007ffb355f45c6:   48 8b 0a 48 8b 71 38 48 8b 41 40 48 2b c6 48 c1
0x00007ffb355f45d6:   e8 03 49 3b c4 72 0d 4a 8d 04 e6 48 89 41 38 48
0x00007ffb355f45e6:   85 f6 75 3d 44 89 44 24 28 48 8d 94 24 a8 00 00
0x00007ffb355f45f6:   00 4d 8b c6 89 6c 24 20 4d 8b cc 49 8b cf e8 87
0x00007ffb355f4606:   fa ff ff 48 8b f0 48 85 c0 75 16 4d 8b cc 4c 8b
0x00007ffb355f4616:   c7 49 8b d6 49 8b cf e8 3e 07 00 00 e9 69 03 00
0x00007ffb355f4626:   00 48 8d 0d d2 b9 cd ff 49 83 fc 08 77 4d 42 8b
0x00007ffb355f4636:   84 a1 a4 49 32 00 48 03 c1 ff e0 49 8b 46 38 48
0x00007ffb355f4646:   89 46 38 49 8b 46 30 48 89 46 30 49 8b 46 28 48
0x00007ffb355f4656:   89 46 28 49 8b 46 20 48 89 46 20 49 8b 46 18 48
0x00007ffb355f4666:   89 46 18 49 8b 46 10 48 89 46 10 49 8b 46 08 48
0x00007ffb355f4676:   89 46 08 49 8b 06 48 89 06 eb 13 4e 8d 04 e5 00
0x00007ffb355f4686:   00 00 00 49 8b d6 48 8b ce e8 fc b8 52 00 48 8b
0x00007ffb355f4696:   ce 48 8b c7 48 83 c9 03 f0 49 0f b1 0e 48 8b d8 


Stack slot to memory mapping:
stack at sp + 0 slots: 0x0 is NULL
stack at sp + 1 slots: 0x0 is NULL
stack at sp + 2 slots: 0x000000000000015f is an unknown value
stack at sp + 3 slots: 0x00007ffb359584e8 jvm.dll
stack at sp + 4 slots: 0x000000000000015f is an unknown value
stack at sp + 5 slots: 0x000001af71067060 points into unknown readable memory: 0x000001af70fa89f0 | f0 89 fa 70 af 01 00 00
stack at sp + 6 slots: 0xffffacaa00000000 is an unknown value
stack at sp + 7 slots: 0x00007ffb359e1ca0 jvm.dll


---------------  P R O C E S S  ---------------

Threads class SMR info:
_java_thread_list=0x000001af7161bd70, length=25, elements={
0x000001af6bf8c950, 0x000001af6bf8e300, 0x000001af6bfa9210, 0x000001af6bfa9bb0,
0x000001af6bfae570, 0x000001af6bfb0b30, 0x000001af6bfbd930, 0x000001af6bfbe990,
0x000001af6bfd4050, 0x000001af6c02e730, 0x000001af7053f2d0, 0x000001af7057d980,
0x000001af705833a0, 0x000001af70e152f0, 0x000001af71cf6200, 0x000001af71fc2720,
0x000001af7ecbfa40, 0x000001af76bcaa90, 0x000001af76bcaf60, 0x000001af76bcb900,
0x000001af76bc8db0, 0x000001af76bc9750, 0x000001af76bca0f0, 0x000001af76bcbdd0,
0x000001af76bca5c0
}

Java Threads: ( => current thread )
  0x000001af6bf8c950 JavaThread "Reference Handler" daemon [_thread_blocked, id=7380, stack(0x0000001326900000,0x0000001326a00000)]
  0x000001af6bf8e300 JavaThread "Finalizer" daemon [_thread_blocked, id=26372, stack(0x0000001326a00000,0x0000001326b00000)]
  0x000001af6bfa9210 JavaThread "Signal Dispatcher" daemon [_thread_blocked, id=13560, stack(0x0000001326b00000,0x0000001326c00000)]
  0x000001af6bfa9bb0 JavaThread "Attach Listener" daemon [_thread_blocked, id=5388, stack(0x0000001326c00000,0x0000001326d00000)]
  0x000001af6bfae570 JavaThread "Service Thread" daemon [_thread_blocked, id=9048, stack(0x0000001326d00000,0x0000001326e00000)]
  0x000001af6bfb0b30 JavaThread "Monitor Deflation Thread" daemon [_thread_blocked, id=11348, stack(0x0000001326e00000,0x0000001326f00000)]
  0x000001af6bfbd930 JavaThread "C2 CompilerThread0" daemon [_thread_blocked, id=2744, stack(0x0000001326f00000,0x0000001327000000)]
  0x000001af6bfbe990 JavaThread "C1 CompilerThread0" daemon [_thread_blocked, id=7072, stack(0x0000001327000000,0x0000001327100000)]
  0x000001af6bfd4050 JavaThread "Sweeper thread" daemon [_thread_blocked, id=3940, stack(0x0000001327100000,0x0000001327200000)]
  0x000001af6c02e730 JavaThread "Common-Cleaner" daemon [_thread_blocked, id=11456, stack(0x0000001327200000,0x0000001327300000)]
  0x000001af7053f2d0 JavaThread "JDWP Transport Listener: dt_socket" daemon [_thread_blocked, id=13492, stack(0x0000001327300000,0x0000001327400000)]
  0x000001af7057d980 JavaThread "JDWP Event Helper Thread" daemon [_thread_blocked, id=18576, stack(0x0000001327400000,0x0000001327500000)]
  0x000001af705833a0 JavaThread "JDWP Command Reader" daemon [_thread_in_native, id=13148, stack(0x0000001327500000,0x0000001327600000)]
  0x000001af70e152f0 JavaThread "Notification Thread" daemon [_thread_blocked, id=25568, stack(0x0000001327700000,0x0000001327800000)]
  0x000001af71cf6200 JavaThread "mysql-cj-abandoned-connection-cleanup" daemon [_thread_blocked, id=18240, stack(0x0000001328700000,0x0000001328800000)]
  0x000001af71fc2720 JavaThread "Live Reload Server" daemon [_thread_in_native, id=14128, stack(0x0000001328c00000,0x0000001328d00000)]
  0x000001af7ecbfa40 JavaThread "DestroyJavaVM" [_thread_blocked, id=17168, stack(0x0000001326200000,0x0000001326300000)]
  0x000001af76bcaa90 JavaThread "Thread-23" [_thread_blocked, id=3416, stack(0x0000001325f00000,0x0000001326000000)]
  0x000001af76bcaf60 JavaThread "restartedMain" [_thread_blocked, id=24628, stack(0x0000001326100000,0x0000001326200000)]
  0x000001af76bcb900 JavaThread "Catalina-utility-1" [_thread_blocked, id=14952, stack(0x0000001328000000,0x0000001328100000)]
  0x000001af76bc8db0 JavaThread "Catalina-utility-2" [_thread_blocked, id=16404, stack(0x0000001328100000,0x0000001328200000)]
  0x000001af76bc9750 JavaThread "container-0" [_thread_blocked, id=10856, stack(0x0000001328300000,0x0000001328400000)]
  0x000001af76bca0f0 JavaThread "HikariPool-7 housekeeper" daemon [_thread_blocked, id=24860, stack(0x0000001328400000,0x0000001328500000)]
  0x000001af76bcbdd0 JavaThread "HikariPool-7 connection closer" daemon [_thread_blocked, id=16580, stack(0x0000001326000000,0x0000001326100000)]
  0x000001af76bca5c0 JavaThread "HikariPool-7 connection adder" daemon [_thread_blocked, id=26556, stack(0x0000001327600000,0x0000001327700000)]

Other Threads:
  0x000001af4e02afc0 VMThread "VM Thread" [stack: 0x0000001326800000,0x0000001326900000] [id=16892]
  0x000001af70786ec0 WatcherThread "VM Periodic Task Thread" [stack: 0x0000001327800000,0x0000001327900000] [id=9200]
  0x000001af4e00cbe0 WorkerThread "GC Thread#0" [stack: 0x0000001326300000,0x0000001326400000] [id=26340]
  0x000001af7104bab0 WorkerThread "GC Thread#1" [stack: 0x0000001327900000,0x0000001327a00000] [id=24932]
  0x000001af71070a60 WorkerThread "GC Thread#2" [stack: 0x0000001327a00000,0x0000001327b00000] [id=18160]
  0x000001af71070d00 WorkerThread "GC Thread#3" [stack: 0x0000001327b00000,0x0000001327c00000] [id=19264]
  0x000001af71070fa0 WorkerThread "GC Thread#4" [stack: 0x0000001327c00000,0x0000001327d00000] [id=26048]
  0x000001af71071a50 WorkerThread "GC Thread#5" [stack: 0x0000001327d00000,0x0000001327e00000] [id=11228]
=>0x000001af71071cf0 WorkerThread "GC Thread#6" [stack: 0x0000001327e00000,0x0000001327f00000] [id=2908]
  0x000001af71071f90 WorkerThread "GC Thread#7" [stack: 0x0000001327f00000,0x0000001328000000] [id=24888]
  0x000001af4e01f320 ConcurrentGCThread "G1 Main Marker" [stack: 0x0000001326400000,0x0000001326500000] [id=14948]
  0x000001af4e020610 WorkerThread "G1 Conc#0" [stack: 0x0000001326500000,0x0000001326600000] [id=22080]
  0x000001af72163e90 WorkerThread "G1 Conc#1" [stack: 0x0000001328200000,0x0000001328300000] [id=11568]
  0x000001af4e05e530 ConcurrentGCThread "G1 Refine#0" [stack: 0x0000001326600000,0x0000001326700000] [id=19408]
  0x000001af6be40100 ConcurrentGCThread "G1 Service" [stack: 0x0000001326700000,0x0000001326800000] [id=16984]

Threads with active compile tasks:

VM state: at safepoint (normal execution)

VM Mutex/Monitor currently owned by a thread:  ([mutex/lock_event])
[0x000001af4dfa96a0] Threads_lock - owner thread: 0x000001af4e02afc0
[0x000001af4dfa9b20] Heap_lock - owner thread: 0x000001af76bca5c0

Heap address: 0x0000000084000000, size: 1984 MB, Compressed Oops mode: 32-bit

CDS archive(s) mapped at: [0x0000000800000000-0x0000000800ba0000-0x0000000800ba0000), size 12189696, SharedBaseAddress: 0x0000000800000000, ArchiveRelocationMode: 0.
Compressed class space mapped at: 0x0000000800c00000-0x0000000840c00000, reserved size: 1073741824
Narrow klass base: 0x0000000800000000, Narrow klass shift: 0, Narrow klass range: 0x100000000

GC Precious Log:
 CardTable entry size: 512
 Card Set container configuration: InlinePtr #cards 5 size 8 Array Of Cards #cards 12 size 40 Howl #buckets 4 coarsen threshold 1843 Howl Bitmap #cards 512 size 80 coarsen threshold 460 Card regions per heap region 1 cards per card region 2048
 CPUs: 8 total, 8 available
 Memory: 7930M
 Large Page Support: Disabled
 NUMA Support: Disabled
 Compressed Oops: Enabled (32-bit)
 Heap Region Size: 1M
 Heap Min Capacity: 8M
 Heap Initial Capacity: 124M
 Heap Max Capacity: 1984M
 Pre-touch: Disabled
 Parallel Workers: 8
 Concurrent Workers: 2
 Concurrent Refinement Workers: 8
 Periodic GC: Disabled

Heap:
 garbage-first heap   total 111616K, used 88679K [0x0000000084000000, 0x0000000100000000)
  region size 1024K, 49 young (50176K), 3 survivors (3072K)
 Metaspace       used 91447K, committed 92288K, reserved 1179648K
  class space    used 11459K, committed 11840K, reserved 1048576K

Heap Regions: E=young(eden), S=young(survivor), O=old, HS=humongous(starts), HC=humongous(continues), CS=collection set, F=free, OA=open archive, CA=closed archive, TAMS=top-at-mark-start (previous, next)
|   0|0x0000000084000000, 0x0000000084100000, 0x0000000084100000|100%|HS|  |TAMS 0x0000000084100000, 0x0000000084000000| Complete 
|   1|0x0000000084100000, 0x0000000084200000, 0x0000000084200000|100%| O|  |TAMS 0x0000000084200000, 0x0000000084100000| Untracked 
|   2|0x0000000084200000, 0x0000000084300000, 0x0000000084300000|100%| O|  |TAMS 0x0000000084300000, 0x0000000084200000| Untracked 
|   3|0x0000000084300000, 0x0000000084400000, 0x0000000084400000|100%| O|  |TAMS 0x0000000084400000, 0x0000000084300000| Untracked 
|   4|0x0000000084400000, 0x00000000844ff9a8, 0x0000000084500000| 99%| O|  |TAMS 0x00000000844ff9a8, 0x0000000084400000| Untracked 
|   5|0x0000000084500000, 0x0000000084600000, 0x0000000084600000|100%| O|  |TAMS 0x0000000084600000, 0x0000000084500000| Untracked 
|   6|0x0000000084600000, 0x0000000084700000, 0x0000000084700000|100%| O|  |TAMS 0x0000000084700000, 0x0000000084600000| Untracked 
|   7|0x0000000084700000, 0x00000000847fffd0, 0x0000000084800000| 99%| O|  |TAMS 0x00000000847fffd0, 0x0000000084700000| Untracked 
|   8|0x0000000084800000, 0x00000000848ffff0, 0x0000000084900000| 99%| O|  |TAMS 0x00000000848ffff0, 0x0000000084800000| Untracked 
|   9|0x0000000084900000, 0x00000000849ffff8, 0x0000000084a00000| 99%| O|  |TAMS 0x00000000849ffff8, 0x0000000084900000| Untracked 
|  10|0x0000000084a00000, 0x0000000084affff0, 0x0000000084b00000| 99%| O|  |TAMS 0x0000000084affff0, 0x0000000084a00000| Untracked 
|  11|0x0000000084b00000, 0x0000000084bffff0, 0x0000000084c00000| 99%| O|  |TAMS 0x0000000084bffff0, 0x0000000084b00000| Untracked 
|  12|0x0000000084c00000, 0x0000000084cffff8, 0x0000000084d00000| 99%| O|  |TAMS 0x0000000084cffff8, 0x0000000084c00000| Untracked 
|  13|0x0000000084d00000, 0x0000000084dfffd8, 0x0000000084e00000| 99%| O|  |TAMS 0x0000000084dfffd8, 0x0000000084d00000| Untracked 
|  14|0x0000000084e00000, 0x0000000084efffc0, 0x0000000084f00000| 99%| O|  |TAMS 0x0000000084efffc0, 0x0000000084e00000| Untracked 
|  15|0x0000000084f00000, 0x0000000084ffffb8, 0x0000000085000000| 99%| O|  |TAMS 0x0000000084ffffb8, 0x0000000084f00000| Untracked 
|  16|0x0000000085000000, 0x00000000850ffff8, 0x0000000085100000| 99%| O|  |TAMS 0x00000000850ffff8, 0x0000000085000000| Untracked 
|  17|0x0000000085100000, 0x00000000851ffff0, 0x0000000085200000| 99%| O|  |TAMS 0x00000000851ffff0, 0x0000000085100000| Untracked 
|  18|0x0000000085200000, 0x00000000852fffd8, 0x0000000085300000| 99%| O|  |TAMS 0x00000000852fffd8, 0x0000000085200000| Untracked 
|  19|0x0000000085300000, 0x0000000085400000, 0x0000000085400000|100%| O|  |TAMS 0x0000000085400000, 0x0000000085300000| Untracked 
|  20|0x0000000085400000, 0x00000000854fffe0, 0x0000000085500000| 99%| O|  |TAMS 0x00000000854fffe0, 0x0000000085400000| Untracked 
|  21|0x0000000085500000, 0x00000000855ffff0, 0x0000000085600000| 99%| O|  |TAMS 0x00000000855ffff0, 0x0000000085500000| Untracked 
|  22|0x0000000085600000, 0x00000000856ffff8, 0x0000000085700000| 99%| O|  |TAMS 0x00000000856ffff8, 0x0000000085600000| Untracked 
|  23|0x0000000085700000, 0x0000000085800000, 0x0000000085800000|100%| O|  |TAMS 0x0000000085800000, 0x0000000085700000| Untracked 
|  24|0x0000000085800000, 0x00000000858fff90, 0x0000000085900000| 99%| O|  |TAMS 0x00000000858fff90, 0x0000000085800000| Untracked 
|  25|0x0000000085900000, 0x00000000859fffd8, 0x0000000085a00000| 99%| O|  |TAMS 0x00000000859fffd8, 0x0000000085900000| Untracked 
|  26|0x0000000085a00000, 0x0000000085affff8, 0x0000000085b00000| 99%| O|  |TAMS 0x0000000085affff8, 0x0000000085a00000| Untracked 
|  27|0x0000000085b00000, 0x0000000085bfffa0, 0x0000000085c00000| 99%| O|  |TAMS 0x0000000085bfffa0, 0x0000000085b00000| Untracked 
|  28|0x0000000085c00000, 0x0000000085cfffd8, 0x0000000085d00000| 99%| O|  |TAMS 0x0000000085cfffd8, 0x0000000085c00000| Untracked 
|  29|0x0000000085d00000, 0x0000000085ddbfe8, 0x0000000085e00000| 85%| O|  |TAMS 0x0000000085ddbfe8, 0x0000000085d00000| Untracked 
|  30|0x0000000085e00000, 0x0000000085eb18c8, 0x0000000085f00000| 69%| O|  |TAMS 0x0000000085eb18c8, 0x0000000085e00000| Untracked 
|  31|0x0000000085f00000, 0x0000000085ffc778, 0x0000000086000000| 98%| O|  |TAMS 0x0000000085ffc778, 0x0000000085f00000| Untracked 
|  32|0x0000000086000000, 0x0000000086100000, 0x0000000086100000|100%| O|  |TAMS 0x0000000086100000, 0x0000000086000000| Untracked 
|  33|0x0000000086100000, 0x0000000086200000, 0x0000000086200000|100%| O|  |TAMS 0x0000000086200000, 0x0000000086100000| Untracked 
|  34|0x0000000086200000, 0x00000000862fffd8, 0x0000000086300000| 99%| O|  |TAMS 0x00000000862fffd8, 0x0000000086200000| Untracked 
|  35|0x0000000086300000, 0x0000000086400000, 0x0000000086400000|100%| O|  |TAMS 0x0000000086300000, 0x0000000086300000| Untracked 
|  36|0x0000000086400000, 0x0000000086500000, 0x0000000086500000|100%| O|  |TAMS 0x0000000086400000, 0x0000000086400000| Untracked 
|  37|0x0000000086500000, 0x0000000086600000, 0x0000000086600000|100%| O|  |TAMS 0x0000000086600000, 0x0000000086500000| Untracked 
|  38|0x0000000086600000, 0x0000000086639f50, 0x0000000086700000| 22%| O|  |TAMS 0x0000000086639f50, 0x0000000086600000| Untracked 
|  39|0x0000000086700000, 0x0000000086775ad8, 0x0000000086800000| 45%| O|  |TAMS 0x0000000086775ad8, 0x0000000086700000| Untracked 
|  40|0x0000000086800000, 0x0000000086900000, 0x0000000086900000|100%| O|  |TAMS 0x0000000086800000, 0x0000000086800000| Untracked 
|  41|0x0000000086900000, 0x000000008691eae0, 0x0000000086a00000| 11%| O|  |TAMS 0x000000008691eae0, 0x0000000086900000| Untracked 
|  42|0x0000000086a00000, 0x0000000086a99d38, 0x0000000086b00000| 60%| O|  |TAMS 0x0000000086a00000, 0x0000000086a00000| Untracked 
|  43|0x0000000086b00000, 0x0000000086b00000, 0x0000000086c00000|  0%| F|  |TAMS 0x0000000086b00000, 0x0000000086b00000| Untracked 
|  44|0x0000000086c00000, 0x0000000086c00000, 0x0000000086d00000|  0%| F|  |TAMS 0x0000000086c00000, 0x0000000086c00000| Untracked 
|  45|0x0000000086d00000, 0x0000000086d00000, 0x0000000086e00000|  0%| F|  |TAMS 0x0000000086d00000, 0x0000000086d00000| Untracked 
|  46|0x0000000086e00000, 0x0000000086e00000, 0x0000000086f00000|  0%| F|  |TAMS 0x0000000086e00000, 0x0000000086e00000| Untracked 
|  47|0x0000000086f00000, 0x0000000086f00000, 0x0000000087000000|  0%| F|  |TAMS 0x0000000086f00000, 0x0000000086f00000| Untracked 
|  48|0x0000000087000000, 0x0000000087000000, 0x0000000087100000|  0%| F|  |TAMS 0x0000000087000000, 0x0000000087000000| Untracked 
|  49|0x0000000087100000, 0x0000000087100000, 0x0000000087200000|  0%| F|  |TAMS 0x0000000087100000, 0x0000000087100000| Untracked 
|  50|0x0000000087200000, 0x0000000087200000, 0x0000000087300000|  0%| F|  |TAMS 0x0000000087200000, 0x0000000087200000| Untracked 
|  51|0x0000000087300000, 0x0000000087300000, 0x0000000087400000|  0%| F|  |TAMS 0x0000000087300000, 0x0000000087300000| Untracked 
|  52|0x0000000087400000, 0x0000000087400000, 0x0000000087500000|  0%| F|  |TAMS 0x0000000087400000, 0x0000000087400000| Untracked 
|  53|0x0000000087500000, 0x00000000875420d8, 0x0000000087600000| 25%| E|CS|TAMS 0x0000000087500000, 0x0000000087500000| Complete 
|  54|0x0000000087600000, 0x0000000087700000, 0x0000000087700000|100%| E|CS|TAMS 0x0000000087600000, 0x0000000087600000| Complete 
|  55|0x0000000087700000, 0x0000000087800000, 0x0000000087800000|100%| E|CS|TAMS 0x0000000087700000, 0x0000000087700000| Complete 
|  56|0x0000000087800000, 0x0000000087900000, 0x0000000087900000|100%| E|CS|TAMS 0x0000000087800000, 0x0000000087800000| Complete 
|  57|0x0000000087900000, 0x0000000087a00000, 0x0000000087a00000|100%| E|CS|TAMS 0x0000000087900000, 0x0000000087900000| Complete 
|  58|0x0000000087a00000, 0x0000000087a00000, 0x0000000087b00000|  0%| F|  |TAMS 0x0000000087a00000, 0x0000000087a00000| Untracked 
|  59|0x0000000087b00000, 0x0000000087b00000, 0x0000000087c00000|  0%| F|  |TAMS 0x0000000087b00000, 0x0000000087b00000| Untracked 
|  60|0x0000000087c00000, 0x0000000087caab88, 0x0000000087d00000| 66%| S|  |TAMS 0x0000000087c00000, 0x0000000087c00000| Complete 
|  61|0x0000000087d00000, 0x0000000087e00000, 0x0000000087e00000|100%| S|  |TAMS 0x0000000087d00000, 0x0000000087d00000| Complete 
|  62|0x0000000087e00000, 0x0000000087f00000, 0x0000000087f00000|100%| S|  |TAMS 0x0000000087e00000, 0x0000000087e00000| Complete 
|  63|0x0000000087f00000, 0x0000000088000000, 0x0000000088000000|100%| E|CS|TAMS 0x0000000087f00000, 0x0000000087f00000| Complete 
|  64|0x0000000088000000, 0x0000000088100000, 0x0000000088100000|100%| E|CS|TAMS 0x0000000088000000, 0x0000000088000000| Complete 
|  65|0x0000000088100000, 0x0000000088200000, 0x0000000088200000|100%| E|CS|TAMS 0x0000000088100000, 0x0000000088100000| Complete 
|  66|0x0000000088200000, 0x0000000088300000, 0x0000000088300000|100%| E|CS|TAMS 0x0000000088200000, 0x0000000088200000| Complete 
|  67|0x0000000088300000, 0x0000000088400000, 0x0000000088400000|100%| E|CS|TAMS 0x0000000088300000, 0x0000000088300000| Complete 
|  68|0x0000000088400000, 0x0000000088500000, 0x0000000088500000|100%| E|CS|TAMS 0x0000000088400000, 0x0000000088400000| Complete 
|  69|0x0000000088500000, 0x0000000088600000, 0x0000000088600000|100%| E|CS|TAMS 0x0000000088500000, 0x0000000088500000| Complete 
|  70|0x0000000088600000, 0x0000000088700000, 0x0000000088700000|100%| E|CS|TAMS 0x0000000088600000, 0x0000000088600000| Complete 
|  71|0x0000000088700000, 0x0000000088800000, 0x0000000088800000|100%| E|CS|TAMS 0x0000000088700000, 0x0000000088700000| Complete 
|  72|0x0000000088800000, 0x0000000088900000, 0x0000000088900000|100%| E|CS|TAMS 0x0000000088800000, 0x0000000088800000| Complete 
|  73|0x0000000088900000, 0x0000000088a00000, 0x0000000088a00000|100%| E|CS|TAMS 0x0000000088900000, 0x0000000088900000| Complete 
|  74|0x0000000088a00000, 0x0000000088b00000, 0x0000000088b00000|100%| E|CS|TAMS 0x0000000088a00000, 0x0000000088a00000| Complete 
|  75|0x0000000088b00000, 0x0000000088c00000, 0x0000000088c00000|100%| E|CS|TAMS 0x0000000088b00000, 0x0000000088b00000| Complete 
|  76|0x0000000088c00000, 0x0000000088d00000, 0x0000000088d00000|100%| E|CS|TAMS 0x0000000088c00000, 0x0000000088c00000| Complete 
|  77|0x0000000088d00000, 0x0000000088e00000, 0x0000000088e00000|100%| E|CS|TAMS 0x0000000088d00000, 0x0000000088d00000| Complete 
|  78|0x0000000088e00000, 0x0000000088f00000, 0x0000000088f00000|100%| E|CS|TAMS 0x0000000088e00000, 0x0000000088e00000| Complete 
|  79|0x0000000088f00000, 0x0000000089000000, 0x0000000089000000|100%| E|CS|TAMS 0x0000000088f00000, 0x0000000088f00000| Complete 
|  80|0x0000000089000000, 0x0000000089100000, 0x0000000089100000|100%| E|CS|TAMS 0x0000000089000000, 0x0000000089000000| Complete 
|  81|0x0000000089100000, 0x0000000089200000, 0x0000000089200000|100%| E|CS|TAMS 0x0000000089100000, 0x0000000089100000| Complete 
|  82|0x0000000089200000, 0x0000000089300000, 0x0000000089300000|100%| E|CS|TAMS 0x0000000089200000, 0x0000000089200000| Complete 
|  83|0x0000000089300000, 0x0000000089400000, 0x0000000089400000|100%| E|CS|TAMS 0x0000000089300000, 0x0000000089300000| Complete 
|  84|0x0000000089400000, 0x0000000089500000, 0x0000000089500000|100%| E|CS|TAMS 0x0000000089400000, 0x0000000089400000| Complete 
|  85|0x0000000089500000, 0x0000000089600000, 0x0000000089600000|100%| E|CS|TAMS 0x0000000089500000, 0x0000000089500000| Complete 
|  86|0x0000000089600000, 0x0000000089700000, 0x0000000089700000|100%| E|CS|TAMS 0x0000000089600000, 0x0000000089600000| Complete 
|  87|0x0000000089700000, 0x0000000089800000, 0x0000000089800000|100%| E|CS|TAMS 0x0000000089700000, 0x0000000089700000| Complete 
|  88|0x0000000089800000, 0x0000000089900000, 0x0000000089900000|100%| E|CS|TAMS 0x0000000089800000, 0x0000000089800000| Complete 
|  89|0x0000000089900000, 0x0000000089a00000, 0x0000000089a00000|100%| E|CS|TAMS 0x0000000089900000, 0x0000000089900000| Complete 
|  90|0x0000000089a00000, 0x0000000089b00000, 0x0000000089b00000|100%| E|CS|TAMS 0x0000000089a00000, 0x0000000089a00000| Complete 
|  91|0x0000000089b00000, 0x0000000089c00000, 0x0000000089c00000|100%| E|CS|TAMS 0x0000000089b00000, 0x0000000089b00000| Complete 
|  92|0x0000000089c00000, 0x0000000089d00000, 0x0000000089d00000|100%| E|CS|TAMS 0x0000000089c00000, 0x0000000089c00000| Complete 
|  93|0x0000000089d00000, 0x0000000089e00000, 0x0000000089e00000|100%| E|CS|TAMS 0x0000000089d00000, 0x0000000089d00000| Complete 
|  94|0x0000000089e00000, 0x0000000089f00000, 0x0000000089f00000|100%| E|CS|TAMS 0x0000000089e00000, 0x0000000089e00000| Complete 
|  95|0x0000000089f00000, 0x000000008a000000, 0x000000008a000000|100%| E|CS|TAMS 0x0000000089f00000, 0x0000000089f00000| Complete 
|  96|0x000000008a000000, 0x000000008a100000, 0x000000008a100000|100%| E|CS|TAMS 0x000000008a000000, 0x000000008a000000| Complete 
|  97|0x000000008a100000, 0x000000008a200000, 0x000000008a200000|100%| E|CS|TAMS 0x000000008a100000, 0x000000008a100000| Complete 
|  98|0x000000008a200000, 0x000000008a300000, 0x000000008a300000|100%| E|CS|TAMS 0x000000008a200000, 0x000000008a200000| Complete 
|  99|0x000000008a300000, 0x000000008a400000, 0x000000008a400000|100%| E|CS|TAMS 0x000000008a300000, 0x000000008a300000| Complete 
| 100|0x000000008a400000, 0x000000008a500000, 0x000000008a500000|100%| E|CS|TAMS 0x000000008a400000, 0x000000008a400000| Complete 
| 101|0x000000008a500000, 0x000000008a600000, 0x000000008a600000|100%| E|CS|TAMS 0x000000008a500000, 0x000000008a500000| Complete 
| 102|0x000000008a600000, 0x000000008a700000, 0x000000008a700000|100%| E|CS|TAMS 0x000000008a600000, 0x000000008a600000| Complete 
| 103|0x000000008a700000, 0x000000008a800000, 0x000000008a800000|100%| E|CS|TAMS 0x000000008a700000, 0x000000008a700000| Complete 
| 104|0x000000008a800000, 0x000000008a900000, 0x000000008a900000|100%| E|CS|TAMS 0x000000008a800000, 0x000000008a800000| Complete 
| 105|0x000000008a900000, 0x000000008aa00000, 0x000000008aa00000|100%| E|CS|TAMS 0x000000008a900000, 0x000000008a900000| Complete 
| 106|0x000000008aa00000, 0x000000008ab00000, 0x000000008ab00000|100%| E|CS|TAMS 0x000000008aa00000, 0x000000008aa00000| Complete 
| 107|0x000000008ab00000, 0x000000008ac00000, 0x000000008ac00000|100%| E|CS|TAMS 0x000000008ab00000, 0x000000008ab00000| Complete 
| 123|0x000000008bb00000, 0x000000008bc00000, 0x000000008bc00000|100%| E|CS|TAMS 0x000000008bb00000, 0x000000008bb00000| Complete 

Card table byte_map: [0x000001af64ff0000,0x000001af653d0000] _byte_map_base: 0x000001af64bd0000

Marking Bits (Prev, Next): (CMBitMap*) 0x000001af4e00d1e0, (CMBitMap*) 0x000001af4e00d220
 Prev Bits: [0x000001af657b0000, 0x000001af676b0000)
 Next Bits: [0x000001af676b0000, 0x000001af695b0000)

Polling page: 0x000001af4d760000

Metaspace:

Usage:
  Non-class:     78.11 MB used.
      Class:     11.19 MB used.
       Both:     89.30 MB used.

Virtual space:
  Non-class space:      128.00 MB reserved,      78.56 MB ( 61%) committed,  2 nodes.
      Class space:        1.00 GB reserved,      11.56 MB (  1%) committed,  1 nodes.
             Both:        1.12 GB reserved,      90.12 MB (  8%) committed. 

Chunk freelists:
   Non-Class:  1.24 MB
       Class:  499.00 KB
        Both:  1.72 MB

MaxMetaspaceSize: unlimited
CompressedClassSpaceSize: 1.00 GB
Initial GC threshold: 21.00 MB
Current GC threshold: 149.62 MB
CDS: on
MetaspaceReclaimPolicy: balanced
 - commit_granule_bytes: 65536.
 - commit_granule_words: 8192.
 - virtual_space_node_default_size: 8388608.
 - enlarge_chunks_in_place: 1.
 - new_chunks_are_fully_committed: 0.
 - uncommit_free_chunks: 1.
 - use_allocation_guard: 0.


Internal statistics:

num_allocs_failed_limit: 6.
num_arena_births: 1254.
num_arena_deaths: 270.
num_vsnodes_births: 3.
num_vsnodes_deaths: 0.
num_space_committed: 1442.
num_space_uncommitted: 0.
num_chunks_returned_to_freelist: 339.
num_chunks_taken_from_freelist: 4885.
num_chunk_merges: 92.
num_chunk_splits: 3278.
num_chunks_enlarged: 2484.
num_inconsistent_stats: 0.

CodeHeap 'non-profiled nmethods': size=120000Kb used=10589Kb max_used=10589Kb free=109410Kb
 bounds [0x000001af5d3a0000, 0x000001af5de00000, 0x000001af648d0000]
CodeHeap 'profiled nmethods': size=120000Kb used=24510Kb max_used=26015Kb free=95489Kb
 bounds [0x000001af55e70000, 0x000001af577e0000, 0x000001af5d3a0000]
CodeHeap 'non-nmethods': size=5760Kb used=1826Kb max_used=1901Kb free=3933Kb
 bounds [0x000001af558d0000, 0x000001af55b40000, 0x000001af55e70000]
 total_blobs=12910 nmethods=12084 adapters=736
 compilation: enabled
              stopped_count=0, restarted_count=0
 full_count=0

Compilation events (20 events):
Event: 3722.611 Thread 0x000001af6bfbe990 14902       3       sun.security.ssl.BaseSSLSocketImpl::setSoTimeout (25 bytes)
Event: 3722.612 Thread 0x000001af6bfbe990 nmethod 14902 0x000001af56842310 code [0x000001af568424c0, 0x000001af56842758]
Event: 3726.445 Thread 0x000001af6bfbe990 14903       3       javax.crypto.Cipher::doFinal (19 bytes)
Event: 3726.448 Thread 0x000001af6bfbe990 nmethod 14903 0x000001af56762b10 code [0x000001af56762ce0, 0x000001af56762fc8]
Event: 3726.448 Thread 0x000001af6bfbe990 14904   !   3       com.sun.crypto.provider.GaloisCounterMode::engineDoFinal (94 bytes)
Event: 3726.453 Thread 0x000001af6bfbe990 nmethod 14904 0x000001af5690a110 code [0x000001af5690a360, 0x000001af5690acf8]
Event: 3726.464 Thread 0x000001af6bfbe990 14905   !   3       javax.crypto.Cipher::chooseProvider (357 bytes)
Event: 3726.477 Thread 0x000001af6bfbe990 nmethod 14905 0x000001af5741f410 code [0x000001af5741f860, 0x000001af57421ec8]
Event: 3729.276 Thread 0x000001af6bfbe990 14907       3       sun.security.ssl.CipherSuite::namesOf (55 bytes)
Event: 3729.278 Thread 0x000001af6bfbe990 nmethod 14907 0x000001af56aef710 code [0x000001af56aef920, 0x000001af56af0158]
Event: 3729.286 Thread 0x000001af6bfbe990 14908       1       java.util.concurrent.atomic.AtomicReference::set (6 bytes)
Event: 3729.286 Thread 0x000001af6bfbe990 nmethod 14908 0x000001af5ddf5110 code [0x000001af5ddf52a0, 0x000001af5ddf53b8]
Event: 3733.325 Thread 0x000001af6bfbd930 14909       4       java.lang.invoke.VarHandleReferences$FieldInstanceReadWrite::compareAndSet (48 bytes)
Event: 3733.333 Thread 0x000001af6bfbd930 nmethod 14909 0x000001af5ddf5410 code [0x000001af5ddf55a0, 0x000001af5ddf5958]
Event: 3733.338 Thread 0x000001af6bfbd930 14910   !   4       java.net.Socket::isClosed (19 bytes)
Event: 3733.339 Thread 0x000001af6bfbd930 nmethod 14910 0x000001af5ddf5b90 code [0x000001af5ddf5d00, 0x000001af5ddf5ed8]
Event: 3733.354 Thread 0x000001af6bfbe990 14911       3       sun.security.jca.ProviderList::getServices (11 bytes)
Event: 3733.354 Thread 0x000001af6bfbe990 nmethod 14911 0x000001af56e69590 code [0x000001af56e69740, 0x000001af56e69928]
Event: 3733.360 Thread 0x000001af6bfbd930 14912       4       com.mysql.cj.util.LazyString::createAndCacheString (60 bytes)
Event: 3733.397 Thread 0x000001af6bfbd930 nmethod 14912 0x000001af5ddf5f90 code [0x000001af5ddf61a0, 0x000001af5ddf6c50]

GC Heap History (20 events):
Event: 1809.108 GC heap after
{Heap after GC invocations=85 (full 4):
 garbage-first heap   total 111616K, used 39272K [0x0000000084000000, 0x0000000100000000)
  region size 1024K, 0 young (0K), 0 survivors (0K)
 Metaspace       used 88014K, committed 88832K, reserved 1179648K
  class space    used 11217K, committed 11584K, reserved 1048576K
}
Event: 1809.549 GC heap before
{Heap before GC invocations=85 (full 4):
 garbage-first heap   total 111616K, used 89448K [0x0000000084000000, 0x0000000100000000)
  region size 1024K, 49 young (50176K), 0 survivors (0K)
 Metaspace       used 88384K, committed 89216K, reserved 1179648K
  class space    used 11258K, committed 11648K, reserved 1048576K
}
Event: 1809.551 GC heap after
{Heap after GC invocations=86 (full 4):
 garbage-first heap   total 111616K, used 43326K [0x0000000084000000, 0x0000000100000000)
  region size 1024K, 4 young (4096K), 4 survivors (4096K)
 Metaspace       used 88384K, committed 89216K, reserved 1179648K
  class space    used 11258K, committed 11648K, reserved 1048576K
}
Event: 1810.105 GC heap before
{Heap before GC invocations=87 (full 4):
 garbage-first heap   total 111616K, used 89406K [0x0000000084000000, 0x0000000100000000)
  region size 1024K, 49 young (50176K), 4 survivors (4096K)
 Metaspace       used 88991K, committed 89792K, reserved 1179648K
  class space    used 11294K, committed 11648K, reserved 1048576K
}
Event: 1810.109 GC heap after
{Heap after GC invocations=88 (full 4):
 garbage-first heap   total 111616K, used 45547K [0x0000000084000000, 0x0000000100000000)
  region size 1024K, 3 young (3072K), 3 survivors (3072K)
 Metaspace       used 88991K, committed 89792K, reserved 1179648K
  class space    used 11294K, committed 11648K, reserved 1048576K
}
Event: 1810.304 GC heap before
{Heap before GC invocations=88 (full 4):
 garbage-first heap   total 111616K, used 88555K [0x0000000084000000, 0x0000000100000000)
  region size 1024K, 45 young (46080K), 3 survivors (3072K)
 Metaspace       used 89440K, committed 90304K, reserved 1179648K
  class space    used 11322K, committed 11712K, reserved 1048576K
}
Event: 1810.307 GC heap after
{Heap after GC invocations=89 (full 4):
 garbage-first heap   total 111616K, used 47422K [0x0000000084000000, 0x0000000100000000)
  region size 1024K, 5 young (5120K), 5 survivors (5120K)
 Metaspace       used 89440K, committed 90304K, reserved 1179648K
  class space    used 11322K, committed 11712K, reserved 1048576K
}
Event: 1932.530 GC heap before
{Heap before GC invocations=90 (full 4):
 garbage-first heap   total 111616K, used 65854K [0x0000000084000000, 0x0000000100000000)
  region size 1024K, 24 young (24576K), 5 survivors (5120K)
 Metaspace       used 89457K, committed 90304K, reserved 1179648K
  class space    used 11323K, committed 11712K, reserved 1048576K
}
Event: 1932.584 GC heap after
{Heap after GC invocations=91 (full 5):
 garbage-first heap   total 111616K, used 37192K [0x0000000084000000, 0x0000000100000000)
  region size 1024K, 0 young (0K), 0 survivors (0K)
 Metaspace       used 89425K, committed 90304K, reserved 1179648K
  class space    used 11318K, committed 11712K, reserved 1048576K
}
Event: 1933.049 GC heap before
{Heap before GC invocations=91 (full 5):
 garbage-first heap   total 111616K, used 87368K [0x0000000084000000, 0x0000000100000000)
  region size 1024K, 50 young (51200K), 0 survivors (0K)
 Metaspace       used 89795K, committed 90624K, reserved 1179648K
  class space    used 11359K, committed 11776K, reserved 1048576K
}
Event: 1933.052 GC heap after
{Heap after GC invocations=92 (full 5):
 garbage-first heap   total 111616K, used 41566K [0x0000000084000000, 0x0000000100000000)
  region size 1024K, 5 young (5120K), 5 survivors (5120K)
 Metaspace       used 89795K, committed 90624K, reserved 1179648K
  class space    used 11359K, committed 11776K, reserved 1048576K
}
Event: 1933.605 GC heap before
{Heap before GC invocations=93 (full 5):
 garbage-first heap   total 111616K, used 87646K [0x0000000084000000, 0x0000000100000000)
  region size 1024K, 50 young (51200K), 5 survivors (5120K)
 Metaspace       used 90376K, committed 91200K, reserved 1179648K
  class space    used 11395K, committed 11776K, reserved 1048576K
}
Event: 1933.608 GC heap after
{Heap after GC invocations=94 (full 5):
 garbage-first heap   total 111616K, used 43600K [0x0000000084000000, 0x0000000100000000)
  region size 1024K, 3 young (3072K), 3 survivors (3072K)
 Metaspace       used 90376K, committed 91200K, reserved 1179648K
  class space    used 11395K, committed 11776K, reserved 1048576K
}
Event: 1944.614 GC heap before
{Heap before GC invocations=94 (full 5):
 garbage-first heap   total 111616K, used 87632K [0x0000000084000000, 0x0000000100000000)
  region size 1024K, 46 young (47104K), 3 survivors (3072K)
 Metaspace       used 90785K, committed 91648K, reserved 1179648K
  class space    used 11422K, committed 11840K, reserved 1048576K
}
Event: 1944.619 GC heap after
{Heap after GC invocations=95 (full 5):
 garbage-first heap   total 111616K, used 45032K [0x0000000084000000, 0x0000000100000000)
  region size 1024K, 4 young (4096K), 4 survivors (4096K)
 Metaspace       used 90785K, committed 91648K, reserved 1179648K
  class space    used 11422K, committed 11840K, reserved 1048576K
}
Event: 1948.541 GC heap before
{Heap before GC invocations=96 (full 5):
 garbage-first heap   total 111616K, used 46826K [0x0000000084000000, 0x0000000100000000)
  region size 1024K, 7 young (7168K), 4 survivors (4096K)
 Metaspace       used 90635K, committed 91648K, reserved 1179648K
  class space    used 11386K, committed 11840K, reserved 1048576K
}
Event: 1948.593 GC heap after
{Heap after GC invocations=97 (full 6):
 garbage-first heap   total 111616K, used 37214K [0x0000000084000000, 0x0000000100000000)
  region size 1024K, 0 young (0K), 0 survivors (0K)
 Metaspace       used 90635K, committed 91648K, reserved 1179648K
  class space    used 11386K, committed 11840K, reserved 1048576K
}
Event: 1949.605 GC heap before
{Heap before GC invocations=97 (full 6):
 garbage-first heap   total 111616K, used 88414K [0x0000000084000000, 0x0000000100000000)
  region size 1024K, 51 young (52224K), 0 survivors (0K)
 Metaspace       used 91011K, committed 91840K, reserved 1179648K
  class space    used 11429K, committed 11840K, reserved 1048576K
}
Event: 1949.608 GC heap after
{Heap after GC invocations=98 (full 6):
 garbage-first heap   total 111616K, used 41575K [0x0000000084000000, 0x0000000100000000)
  region size 1024K, 5 young (5120K), 5 survivors (5120K)
 Metaspace       used 91011K, committed 91840K, reserved 1179648K
  class space    used 11429K, committed 11840K, reserved 1048576K
}
Event: 3737.044 GC heap before
{Heap before GC invocations=99 (full 6):
 garbage-first heap   total 111616K, used 88679K [0x0000000084000000, 0x0000000100000000)
  region size 1024K, 51 young (52224K), 5 survivors (5120K)
 Metaspace       used 91447K, committed 92288K, reserved 1179648K
  class space    used 11459K, committed 11840K, reserved 1048576K
}

Deoptimization events (20 events):
Event: 3733.355 Thread 0x000001af76bca5c0 DEOPT PACKING pc=0x000001af5690a80c sp=0x00000013276fdef0
Event: 3733.355 Thread 0x000001af76bca5c0 DEOPT UNPACKING pc=0x000001af55926763 sp=0x00000013276fd410 mode 1
Event: 3733.355 Thread 0x000001af76bca5c0 DEOPT PACKING pc=0x000001af56762ed4 sp=0x00000013276fdfe0
Event: 3733.355 Thread 0x000001af76bca5c0 DEOPT UNPACKING pc=0x000001af55926763 sp=0x00000013276fd498 mode 1
Event: 3733.356 Thread 0x000001af76bca5c0 DEOPT PACKING pc=0x000001af56b5fef9 sp=0x00000013276fdbc0
Event: 3733.356 Thread 0x000001af76bca5c0 DEOPT UNPACKING pc=0x000001af55926763 sp=0x00000013276fd078 mode 1
Event: 3733.356 Thread 0x000001af76bca5c0 DEOPT PACKING pc=0x000001af5690a80c sp=0x00000013276fdce0
Event: 3733.356 Thread 0x000001af76bca5c0 DEOPT UNPACKING pc=0x000001af55926763 sp=0x00000013276fd200 mode 1
Event: 3733.356 Thread 0x000001af76bca5c0 DEOPT PACKING pc=0x000001af56762ed4 sp=0x00000013276fddd0
Event: 3733.356 Thread 0x000001af76bca5c0 DEOPT UNPACKING pc=0x000001af55926763 sp=0x00000013276fd288 mode 1
Event: 3737.041 Thread 0x000001af76bcbdd0 DEOPT PACKING pc=0x000001af56b5fef9 sp=0x00000013260fe8f0
Event: 3737.041 Thread 0x000001af76bcbdd0 DEOPT UNPACKING pc=0x000001af55926763 sp=0x00000013260fdda8 mode 1
Event: 3737.041 Thread 0x000001af76bcbdd0 DEOPT PACKING pc=0x000001af5690a80c sp=0x00000013260fea10
Event: 3737.041 Thread 0x000001af76bcbdd0 DEOPT UNPACKING pc=0x000001af55926763 sp=0x00000013260fdf30 mode 1
Event: 3737.041 Thread 0x000001af76bcbdd0 DEOPT PACKING pc=0x000001af56762ed4 sp=0x00000013260feb00
Event: 3737.041 Thread 0x000001af76bcbdd0 DEOPT UNPACKING pc=0x000001af55926763 sp=0x00000013260fdfb8 mode 1
Event: 3737.042 Thread 0x000001af76bcbdd0 DEOPT PACKING pc=0x000001af5690a80c sp=0x00000013260fea80
Event: 3737.042 Thread 0x000001af76bcbdd0 DEOPT UNPACKING pc=0x000001af55926763 sp=0x00000013260fdfa0 mode 1
Event: 3737.042 Thread 0x000001af76bcbdd0 DEOPT PACKING pc=0x000001af56762ed4 sp=0x00000013260feb70
Event: 3737.042 Thread 0x000001af76bcbdd0 DEOPT UNPACKING pc=0x000001af55926763 sp=0x00000013260fe028 mode 1

Classes loaded (20 events):
Event: 139.087 Loading class sun/security/ssl/Alert$AlertConsumer
Event: 139.088 Loading class sun/security/ssl/Alert$AlertConsumer done
Event: 139.088 Loading class sun/security/ssl/Alert$Level
Event: 139.088 Loading class sun/security/ssl/Alert$Level done
Event: 139.089 Loading class sun/net/ConnectionResetException
Event: 139.090 Loading class sun/net/ConnectionResetException done
Event: 139.143 Loading class java/lang/ref/Finalizer$2
Event: 139.143 Loading class java/lang/ref/Finalizer$2 done
Event: 139.145 Loading class java/lang/ref/Finalizer$1
Event: 139.145 Loading class java/lang/ref/Finalizer$1 done
Event: 149.780 Loading class jdk/internal/loader/BootLoader$PackageHelper
Event: 149.781 Loading class jdk/internal/loader/BootLoader$PackageHelper done
Event: 149.799 Loading class java/util/Scanner
Event: 149.800 Loading class java/util/Scanner done
Event: 149.801 Loading class java/util/Scanner$PatternLRUCache
Event: 149.802 Loading class java/util/Scanner$PatternLRUCache done
Event: 149.802 Loading class java/util/regex/Matcher$ImmutableMatchResult
Event: 149.803 Loading class java/util/regex/Matcher$ImmutableMatchResult done
Event: 1259.972 Loading class java/io/FileOutputStream$1
Event: 1259.973 Loading class java/io/FileOutputStream$1 done

Classes unloaded (20 events):
Event: 1944.645 Thread 0x000001af4e02afc0 Unloading class 0x0000000800e18400 'java/lang/invoke/LambdaForm$DMH+0x0000000800e18400'
Event: 1944.645 Thread 0x000001af4e02afc0 Unloading class 0x0000000800dc2400 'java/lang/invoke/LambdaForm$MH+0x0000000800dc2400'
Event: 1944.645 Thread 0x000001af4e02afc0 Unloading class 0x0000000800dc1800 'java/lang/invoke/LambdaForm$MH+0x0000000800dc1800'
Event: 1944.645 Thread 0x000001af4e02afc0 Unloading class 0x0000000800d42800 'java/lang/invoke/LambdaForm$DMH+0x0000000800d42800'
Event: 1944.645 Thread 0x000001af4e02afc0 Unloading class 0x0000000800c18000 'java/lang/invoke/LambdaForm$MH+0x0000000800c18000'
Event: 1944.645 Thread 0x000001af4e02afc0 Unloading class 0x0000000800c05000 'java/lang/invoke/LambdaForm$MH+0x0000000800c05000'
Event: 1944.645 Thread 0x000001af4e02afc0 Unloading class 0x0000000800c04c00 'java/lang/invoke/LambdaForm$MH+0x0000000800c04c00'
Event: 1944.645 Thread 0x000001af4e02afc0 Unloading class 0x0000000800c04800 'java/lang/invoke/LambdaForm$MH+0x0000000800c04800'
Event: 1944.645 Thread 0x000001af4e02afc0 Unloading class 0x0000000800c04400 'java/lang/invoke/LambdaForm$MH+0x0000000800c04400'
Event: 1949.637 Thread 0x000001af4e02afc0 Unloading class 0x0000000801780000 'jdk/internal/reflect/GeneratedSerializationConstructorAccessor54'
Event: 1949.637 Thread 0x000001af4e02afc0 Unloading class 0x000000080177dc00 'jdk/internal/reflect/GeneratedSerializationConstructorAccessor53'
Event: 1949.637 Thread 0x000001af4e02afc0 Unloading class 0x000000080177d800 'jdk/internal/reflect/GeneratedSerializationConstructorAccessor52'
Event: 1949.637 Thread 0x000001af4e02afc0 Unloading class 0x000000080177d400 'jdk/internal/reflect/GeneratedSerializationConstructorAccessor51'
Event: 1949.637 Thread 0x000001af4e02afc0 Unloading class 0x000000080177d000 'jdk/internal/reflect/GeneratedSerializationConstructorAccessor50'
Event: 1949.637 Thread 0x000001af4e02afc0 Unloading class 0x000000080177cc00 'jdk/internal/reflect/GeneratedSerializationConstructorAccessor49'
Event: 1949.637 Thread 0x000001af4e02afc0 Unloading class 0x000000080177c800 'jdk/internal/reflect/GeneratedSerializationConstructorAccessor48'
Event: 1949.637 Thread 0x000001af4e02afc0 Unloading class 0x0000000801770800 'jdk/internal/reflect/GeneratedSerializationConstructorAccessor47'
Event: 1949.637 Thread 0x000001af4e02afc0 Unloading class 0x0000000801770400 'jdk/internal/reflect/GeneratedSerializationConstructorAccessor46'
Event: 1949.637 Thread 0x000001af4e02afc0 Unloading class 0x0000000801300800 'java/lang/invoke/LambdaForm$MH+0x0000000801300800'
Event: 1949.637 Thread 0x000001af4e02afc0 Unloading class 0x0000000800f78400 'java/lang/invoke/LambdaForm$MH+0x0000000800f78400'

Classes redefined (20 events):
Event: 1200.909 Thread 0x000001af4e02afc0 redefined class name=com.shoppeClone.shoppeClone.converter.image.ImageConverter, count=1
Event: 1200.909 Thread 0x000001af4e02afc0 redefined class name=com.shoppeClone.shoppeClone.converter.province.ProvinceConverter, count=1
Event: 1200.909 Thread 0x000001af4e02afc0 redefined class name=com.shoppeClone.shoppeClone.converter.province.ProvinceConverter, count=1
Event: 1200.909 Thread 0x000001af4e02afc0 redefined class name=com.shoppeClone.shoppeClone.converter.supplier.SupplierConverter, count=1
Event: 1200.909 Thread 0x000001af4e02afc0 redefined class name=com.shoppeClone.shoppeClone.converter.supplier.SupplierConverter, count=1
Event: 1200.909 Thread 0x000001af4e02afc0 redefined class name=com.shoppeClone.shoppeClone.converter.user.UserConverter, count=1
Event: 1200.909 Thread 0x000001af4e02afc0 redefined class name=com.shoppeClone.shoppeClone.converter.user.UserConverter, count=1
Event: 1200.909 Thread 0x000001af4e02afc0 redefined class name=com.shoppeClone.shoppeClone.dto.category.CategoryDTO, count=1
Event: 1200.909 Thread 0x000001af4e02afc0 redefined class name=com.shoppeClone.shoppeClone.dto.images.ImageDTO, count=1
Event: 1200.909 Thread 0x000001af4e02afc0 redefined class name=com.shoppeClone.shoppeClone.dto.product.CreateProductDTO, count=1
Event: 1200.909 Thread 0x000001af4e02afc0 redefined class name=com.shoppeClone.shoppeClone.dto.product.ProductDTO, count=1
Event: 1200.909 Thread 0x000001af4e02afc0 redefined class name=com.shoppeClone.shoppeClone.dto.supplier.SupplierDTO, count=1
Event: 1200.909 Thread 0x000001af4e02afc0 redefined class name=com.shoppeClone.shoppeClone.entity.AddressEntity, count=1
Event: 1200.909 Thread 0x000001af4e02afc0 redefined class name=com.shoppeClone.shoppeClone.entity.AddressEntity, count=2
Event: 1200.909 Thread 0x000001af4e02afc0 redefined class name=com.shoppeClone.shoppeClone.entity.BaseEntity, count=1
Event: 1200.909 Thread 0x000001af4e02afc0 redefined class name=com.shoppeClone.shoppeClone.entity.CartEntity, count=2
Event: 1200.909 Thread 0x000001af4e02afc0 redefined class name=com.shoppeClone.shoppeClone.entity.CartEntity, count=2
Event: 1281.443 Thread 0x000001af4e02afc0 redefined class name=com.shoppeClone.shoppeClone.entity.ImageEntity, count=3
Event: 1281.443 Thread 0x000001af4e02afc0 redefined class name=com.shoppeClone.shoppeClone.entity.ImageEntity, count=1
Event: 1281.443 Thread 0x000001af4e02afc0 redefined class name=com.shoppeClone.shoppeClone.entity.ImageEntity, count=2

Internal exceptions (20 events):
Event: 1948.538 Thread 0x000001af76bcaf60 Exception <a 'java/io/IOException'{0x000000008aa54080}> (0x000000008aa54080) 
thrown [s\open\src\hotspot\share\prims\jni.cpp, line 516]
Event: 1948.539 Thread 0x000001af76bcaf60 Exception <a 'java/io/IOException'{0x000000008aa54bc0}> (0x000000008aa54bc0) 
thrown [s\open\src\hotspot\share\prims\jni.cpp, line 516]
Event: 1948.539 Thread 0x000001af76bcaf60 Exception <a 'java/net/SocketException'{0x000000008aa58978}: Connection reset by peer: shutdown> (0x000000008aa58978) 
thrown [s\open\src\hotspot\share\prims\jni.cpp, line 535]
Event: 1948.539 Thread 0x000001af76bcaf60 Exception <a 'java/net/SocketException'{0x000000008aa5a210}: Connection reset by peer: shutdown> (0x000000008aa5a210) 
thrown [s\open\src\hotspot\share\prims\jni.cpp, line 535]
Event: 1948.540 Thread 0x000001af76bcaf60 Exception <a 'java/io/IOException'{0x000000008aa5b5d0}> (0x000000008aa5b5d0) 
thrown [s\open\src\hotspot\share\prims\jni.cpp, line 516]
Event: 1948.540 Thread 0x000001af76bcaf60 Exception <a 'java/io/IOException'{0x000000008aa5c110}> (0x000000008aa5c110) 
thrown [s\open\src\hotspot\share\prims\jni.cpp, line 516]
Event: 1948.540 Thread 0x000001af76bcaf60 Exception <a 'java/net/SocketException'{0x000000008aa5e2d0}: Connection reset by peer: shutdown> (0x000000008aa5e2d0) 
thrown [s\open\src\hotspot\share\prims\jni.cpp, line 535]
Event: 1948.541 Thread 0x000001af76bcaf60 Exception <a 'java/net/SocketException'{0x000000008aa61760}: Connection reset by peer: shutdown> (0x000000008aa61760) 
thrown [s\open\src\hotspot\share\prims\jni.cpp, line 535]
Event: 1948.611 Thread 0x000001af76bcaf60 Exception <a 'sun/nio/fs/WindowsException'{0x000000008bb7b8a8}> (0x000000008bb7b8a8) 
thrown [s\open\src\hotspot\share\prims\jni.cpp, line 516]
Event: 1948.858 Thread 0x000001af76bcaf60 Exception <a 'java/lang/NoClassDefFoundError'{0x0000000088e3ef48}: org/flywaydb/core/Flyway> (0x0000000088e3ef48) 
thrown [s\open\src\hotspot\share\oops\constantPool.cpp, line 836]
Event: 1949.438 Thread 0x000001af76bcaf60 Exception <a 'java/lang/NoClassDefFoundError'{0x0000000088e3f598}: liquibase/integration/spring/SpringLiquibase> (0x0000000088e3f598) 
thrown [s\open\src\hotspot\share\oops\constantPool.cpp, line 836]
Event: 1949.441 Thread 0x000001af76bcaf60 Exception <a 'java/lang/NoClassDefFoundError'{0x0000000088ec1000}: org/jooq/DSLContext> (0x0000000088ec1000) 
thrown [s\open\src\hotspot\share\oops\constantPool.cpp, line 836]
Event: 1949.442 Thread 0x000001af76bcaf60 Exception <a 'java/lang/NoClassDefFoundError'{0x0000000088ed6a38}: org/springframework/batch/core/repository/JobRepository> (0x0000000088ed6a38) 
thrown [s\open\src\hotspot\share\oops\constantPool.cpp, line 836]
Event: 1949.443 Thread 0x000001af76bcaf60 Exception <a 'java/lang/NoClassDefFoundError'{0x0000000088ed7080}: org/quartz/Scheduler> (0x0000000088ed7080) 
thrown [s\open\src\hotspot\share\oops\constantPool.cpp, line 836]
Event: 1949.444 Thread 0x000001af76bcaf60 Exception <a 'java/lang/NoClassDefFoundError'{0x0000000088ed76f0}: org/springframework/session/jdbc/JdbcIndexedSessionRepository> (0x0000000088ed76f0) 
thrown [s\open\src\hotspot\share\oops\constantPool.cpp, line 836]
Event: 1949.471 Thread 0x000001af76bcaf60 Exception <a 'sun/nio/fs/WindowsException'{0x000000008877cc70}> (0x000000008877cc70) 
thrown [s\open\src\hotspot\share\prims\jni.cpp, line 516]
Event: 1949.472 Thread 0x000001af76bcaf60 Exception <a 'sun/nio/fs/WindowsException'{0x000000008877d2d8}> (0x000000008877d2d8) 
thrown [s\open\src\hotspot\share\prims\jni.cpp, line 516]
Event: 1949.472 Thread 0x000001af76bcaf60 Exception <a 'sun/nio/fs/WindowsException'{0x000000008877d9b0}> (0x000000008877d9b0) 
thrown [s\open\src\hotspot\share\prims\jni.cpp, line 516]
Event: 1949.480 Thread 0x000001af76bcaf60 Exception <a 'java/io/FileNotFoundException'{0x00000000887b2fe8}> (0x00000000887b2fe8) 
thrown [s\open\src\hotspot\share\prims\jni.cpp, line 516]
Event: 1949.495 Thread 0x000001af76bcaf60 Exception <a 'java/io/FileNotFoundException'{0x00000000885c2798}> (0x00000000885c2798) 
thrown [s\open\src\hotspot\share\prims\jni.cpp, line 516]

VM Operations (20 events):
Event: 2469.987 Executing VM operation: Cleanup done
Event: 2660.771 Executing VM operation: Cleanup
Event: 2660.774 Executing VM operation: Cleanup done
Event: 2750.396 Executing VM operation: Cleanup
Event: 2750.396 Executing VM operation: Cleanup done
Event: 2860.293 Executing VM operation: Cleanup
Event: 2860.293 Executing VM operation: Cleanup done
Event: 2870.451 Executing VM operation: Cleanup
Event: 2870.451 Executing VM operation: Cleanup done
Event: 3061.379 Executing VM operation: Cleanup
Event: 3061.380 Executing VM operation: Cleanup done
Event: 3707.170 Executing VM operation: Cleanup
Event: 3707.170 Executing VM operation: Cleanup done
Event: 3723.299 Executing VM operation: Cleanup
Event: 3723.299 Executing VM operation: Cleanup done
Event: 3727.316 Executing VM operation: Cleanup
Event: 3727.317 Executing VM operation: Cleanup done
Event: 3733.379 Executing VM operation: Cleanup
Event: 3733.379 Executing VM operation: Cleanup done
Event: 3737.044 Executing VM operation: G1CollectForAllocation

Events (20 events):
Event: 1948.600 Thread 0x000001af73edc9d0 Thread added: 0x000001af73edc9d0
Event: 1948.656 Thread 0x000001af76bcbdd0 Thread added: 0x000001af76bcbdd0
Event: 1948.690 Thread 0x000001af76bcbdd0 Thread exited: 0x000001af76bcbdd0
Event: 1948.747 Thread 0x000001af73edcee0 Thread added: 0x000001af73edcee0
Event: 1949.441 Thread 0x000001af73edcee0 Thread exited: 0x000001af73edcee0
Event: 1949.495 Thread 0x000001af76bcb900 Thread added: 0x000001af76bcb900
Event: 1949.496 Thread 0x000001af76bc8db0 Thread added: 0x000001af76bc8db0
Event: 1949.496 Thread 0x000001af76bc9750 Thread added: 0x000001af76bc9750
Event: 1949.546 Thread 0x000001af76bca0f0 Thread added: 0x000001af76bca0f0
Event: 1949.654 Thread 0x000001af76bca5c0 Thread added: 0x000001af76bca5c0
Event: 1950.017 Thread 0x000001af73edc9d0 Thread exited: 0x000001af73edc9d0
Event: 1950.065 Thread 0x000001af73eda150 Thread added: 0x000001af73eda150
Event: 1954.946 Thread 0x000001af76bca5c0 Thread exited: 0x000001af76bca5c0
Event: 1955.117 Thread 0x000001af73eda150 Thread exited: 0x000001af73eda150
Event: 3707.068 Thread 0x000001af76bc9280 Thread added: 0x000001af76bc9280
Event: 3707.071 Thread 0x000001af76bc9c20 Thread added: 0x000001af76bc9c20
Event: 3714.333 Thread 0x000001af76bc9280 Thread exited: 0x000001af76bc9280
Event: 3714.378 Thread 0x000001af76bc9c20 Thread exited: 0x000001af76bc9c20
Event: 3722.587 Thread 0x000001af76bcbdd0 Thread added: 0x000001af76bcbdd0
Event: 3722.587 Thread 0x000001af76bca5c0 Thread added: 0x000001af76bca5c0


Dynamic libraries:
0x00007ff697f60000 - 0x00007ff697f70000 	C:\Program Files\Java\jdk-18.0.2.1\bin\javaw.exe
0x00007ffbb7910000 - 0x00007ffbb7b24000 	C:\WINDOWS\SYSTEM32\ntdll.dll
0x00007ffbb6210000 - 0x00007ffbb62d4000 	C:\WINDOWS\System32\KERNEL32.DLL
0x00007ffbb5280000 - 0x00007ffbb5624000 	C:\WINDOWS\System32\KERNELBASE.dll
0x00007ffbb4cf0000 - 0x00007ffbb4e01000 	C:\WINDOWS\System32\ucrtbase.dll
0x00007ffbaab40000 - 0x00007ffbaab58000 	C:\Program Files\Java\jdk-18.0.2.1\bin\jli.dll
0x00007ffbaab20000 - 0x00007ffbaab3a000 	C:\Program Files\Java\jdk-18.0.2.1\bin\VCRUNTIME140.dll
0x00007ffbb6a70000 - 0x00007ffbb6b20000 	C:\WINDOWS\System32\ADVAPI32.dll
0x00007ffbb67f0000 - 0x00007ffbb6897000 	C:\WINDOWS\System32\msvcrt.dll
0x00007ffbb66a0000 - 0x00007ffbb6746000 	C:\WINDOWS\System32\sechost.dll
0x00007ffbb64a0000 - 0x00007ffbb65b7000 	C:\WINDOWS\System32\RPCRT4.dll
0x00007ffbb56d0000 - 0x00007ffbb587a000 	C:\WINDOWS\System32\USER32.dll
0x00007ffbb5630000 - 0x00007ffbb5656000 	C:\WINDOWS\System32\win32u.dll
0x00007ffba68c0000 - 0x00007ffba6b4f000 	C:\WINDOWS\WinSxS\amd64_microsoft.windows.common-controls_6595b64144ccf1df_6.0.22621.2070_none_2713e6537381f706\COMCTL32.dll
0x00007ffbb7590000 - 0x00007ffbb75b9000 	C:\WINDOWS\System32\GDI32.dll
0x00007ffbb5160000 - 0x00007ffbb5279000 	C:\WINDOWS\System32\gdi32full.dll
0x00007ffbb4f50000 - 0x00007ffbb4fea000 	C:\WINDOWS\System32\msvcp_win.dll
0x00007ffbacc00000 - 0x00007ffbacc0a000 	C:\WINDOWS\SYSTEM32\VERSION.dll
0x00007ffbb7890000 - 0x00007ffbb78c1000 	C:\WINDOWS\System32\IMM32.DLL
0x00007ffbae8d0000 - 0x00007ffbae8dc000 	C:\Program Files\Java\jdk-18.0.2.1\bin\vcruntime140_1.dll
0x00007ffb939d0000 - 0x00007ffb93a5d000 	C:\Program Files\Java\jdk-18.0.2.1\bin\msvcp140.dll
0x00007ffb352d0000 - 0x00007ffb35ee1000 	C:\Program Files\Java\jdk-18.0.2.1\bin\server\jvm.dll
0x00007ffbb69a0000 - 0x00007ffbb69a8000 	C:\WINDOWS\System32\PSAPI.DLL
0x00007ffbae220000 - 0x00007ffbae229000 	C:\WINDOWS\SYSTEM32\WSOCK32.dll
0x00007ffbb63c0000 - 0x00007ffbb6431000 	C:\WINDOWS\System32\WS2_32.dll
0x00007ffbada10000 - 0x00007ffbada44000 	C:\WINDOWS\SYSTEM32\WINMM.dll
0x00007ffbb3e20000 - 0x00007ffbb3e38000 	C:\WINDOWS\SYSTEM32\kernel.appcore.dll
0x00007ffbaba90000 - 0x00007ffbaba9a000 	C:\Program Files\Java\jdk-18.0.2.1\bin\jimage.dll
0x00007ffbb27c0000 - 0x00007ffbb29ee000 	C:\WINDOWS\SYSTEM32\DBGHELP.DLL
0x00007ffbb5a00000 - 0x00007ffbb5d8a000 	C:\WINDOWS\System32\combase.dll
0x00007ffbb62e0000 - 0x00007ffbb63b7000 	C:\WINDOWS\System32\OLEAUT32.dll
0x00007ffbac340000 - 0x00007ffbac372000 	C:\WINDOWS\SYSTEM32\dbgcore.DLL
0x00007ffbb4e10000 - 0x00007ffbb4e8a000 	C:\WINDOWS\System32\bcryptPrimitives.dll
0x00007ffb80b60000 - 0x00007ffb80b9b000 	C:\Program Files\Java\jdk-18.0.2.1\bin\jdwp.dll
0x00007ffbae2d0000 - 0x00007ffbae2de000 	C:\Program Files\Java\jdk-18.0.2.1\bin\instrument.dll
0x00007ffb75bb0000 - 0x00007ffb75bd5000 	C:\Program Files\Java\jdk-18.0.2.1\bin\java.dll
0x00007ffb59200000 - 0x00007ffb592d6000 	C:\Program Files\Java\jdk-18.0.2.1\bin\jsvml.dll
0x00007ffbb6b20000 - 0x00007ffbb7336000 	C:\WINDOWS\System32\SHELL32.dll
0x00007ffbb2cd0000 - 0x00007ffbb35ba000 	C:\WINDOWS\SYSTEM32\windows.storage.dll
0x00007ffbb2b90000 - 0x00007ffbb2cce000 	C:\WINDOWS\SYSTEM32\wintypes.dll
0x00007ffbb68a0000 - 0x00007ffbb6993000 	C:\WINDOWS\System32\SHCORE.dll
0x00007ffbb6440000 - 0x00007ffbb649e000 	C:\WINDOWS\System32\shlwapi.dll
0x00007ffbb4c20000 - 0x00007ffbb4c46000 	C:\WINDOWS\SYSTEM32\profapi.dll
0x00007ffbaba80000 - 0x00007ffbaba8c000 	C:\Program Files\Java\jdk-18.0.2.1\bin\dt_socket.dll
0x00007ffbb38d0000 - 0x00007ffbb38fd000 	C:\WINDOWS\SYSTEM32\IPHLPAPI.DLL
0x00007ffbb42a0000 - 0x00007ffbb4309000 	C:\WINDOWS\system32\mswsock.dll
0x00007ffbb3900000 - 0x00007ffbb39f3000 	C:\WINDOWS\SYSTEM32\DNSAPI.dll
0x00007ffbb6750000 - 0x00007ffbb6759000 	C:\WINDOWS\System32\NSI.dll
0x00007ffbada00000 - 0x00007ffbada0a000 	C:\Windows\System32\rasadhlp.dll
0x00007ffbad0c0000 - 0x00007ffbad144000 	C:\WINDOWS\System32\fwpuclnt.dll
0x00007ffb7fbd0000 - 0x00007ffb7fbe8000 	C:\Program Files\Java\jdk-18.0.2.1\bin\zip.dll
0x00007ffba3c20000 - 0x00007ffba3c33000 	C:\Program Files\Java\jdk-18.0.2.1\bin\net.dll
0x00007ffbaec50000 - 0x00007ffbaed87000 	C:\WINDOWS\SYSTEM32\WINHTTP.dll
0x00007ffb8c590000 - 0x00007ffb8c5a6000 	C:\Program Files\Java\jdk-18.0.2.1\bin\nio.dll
0x00007ffbab920000 - 0x00007ffbab930000 	C:\Program Files\Java\jdk-18.0.2.1\bin\verify.dll
0x00007ffbab510000 - 0x00007ffbab519000 	C:\Program Files\Java\jdk-18.0.2.1\bin\management.dll
0x00007ffbaab10000 - 0x00007ffbaab1b000 	C:\Program Files\Java\jdk-18.0.2.1\bin\management_ext.dll
0x00007ffbb44f0000 - 0x00007ffbb450b000 	C:\WINDOWS\SYSTEM32\CRYPTSP.dll
0x00007ffbb3d90000 - 0x00007ffbb3dc5000 	C:\WINDOWS\system32\rsaenh.dll
0x00007ffbb4390000 - 0x00007ffbb43bc000 	C:\WINDOWS\SYSTEM32\USERENV.dll
0x00007ffbb4690000 - 0x00007ffbb46b8000 	C:\WINDOWS\SYSTEM32\bcrypt.dll
0x00007ffbb4510000 - 0x00007ffbb451c000 	C:\WINDOWS\SYSTEM32\CRYPTBASE.dll
0x00007ffbadd20000 - 0x00007ffbadd39000 	C:\WINDOWS\SYSTEM32\dhcpcsvc6.DLL
0x00007ffbadcf0000 - 0x00007ffbadd0f000 	C:\WINDOWS\SYSTEM32\dhcpcsvc.DLL
0x00007ffbab410000 - 0x00007ffbab41e000 	C:\Program Files\Java\jdk-18.0.2.1\bin\sunmscapi.dll
0x00007ffbb4ff0000 - 0x00007ffbb5157000 	C:\WINDOWS\System32\CRYPT32.dll
0x00007ffbb4660000 - 0x00007ffbb468e000 	C:\WINDOWS\SYSTEM32\ncrypt.dll
0x00007ffbb4620000 - 0x00007ffbb4657000 	C:\WINDOWS\SYSTEM32\NTASN1.dll

dbghelp: loaded successfully - version: 4.0.5 - missing functions: none
symbol engine: initialized successfully - sym options: 0x614 - pdb path: .;C:\Program Files\Java\jdk-18.0.2.1\bin;C:\WINDOWS\SYSTEM32;C:\WINDOWS\WinSxS\amd64_microsoft.windows.common-controls_6595b64144ccf1df_6.0.22621.2070_none_2713e6537381f706;C:\Program Files\Java\jdk-18.0.2.1\bin\server

VM Arguments:
jvm_args: -XX:+ShowCodeDetailsInExceptionMessages -agentlib:jdwp=transport=dt_socket,suspend=y,address=localhost:53009 -javaagent:D:\Eclipse\eclipse\configuration\org.eclipse.osgi\424\0\.cp\lib\javaagent-shaded.jar -Dfile.encoding=UTF-8 
java_command: com.shoppeClone.shoppeClone.ShoppeCloneApplication
java_class_path (initial): D:\BE2302\UserShoppe\shoppeClone\target\classes;C:\Users\Admin\.m2\repository\org\springframework\boot\spring-boot-starter-data-jpa\3.1.2\spring-boot-starter-data-jpa-3.1.2.jar;C:\Users\Admin\.m2\repository\org\springframework\boot\spring-boot-starter-aop\3.1.2\spring-boot-starter-aop-3.1.2.jar;C:\Users\Admin\.m2\repository\org\aspectj\aspectjweaver\1.9.19\aspectjweaver-1.9.19.jar;C:\Users\Admin\.m2\repository\org\springframework\boot\spring-boot-starter-jdbc\3.1.2\spring-boot-starter-jdbc-3.1.2.jar;C:\Users\Admin\.m2\repository\com\zaxxer\HikariCP\5.0.1\HikariCP-5.0.1.jar;C:\Users\Admin\.m2\repository\org\springframework\spring-jdbc\6.0.11\spring-jdbc-6.0.11.jar;C:\Users\Admin\.m2\repository\org\hibernate\orm\hibernate-core\6.2.6.Final\hibernate-core-6.2.6.Final.jar;C:\Users\Admin\.m2\repository\jakarta\persistence\jakarta.persistence-api\3.1.0\jakarta.persistence-api-3.1.0.jar;C:\Users\Admin\.m2\repository\jakarta\transaction\jakarta.transaction-api\2.0.1\jakarta.transaction-api-2.0.1.jar;C:\Users\Admin\.m2\repository\org\jboss\logging\jboss-logging\3.5.3.Final\jboss-logging-3.5.3.Final.jar;C:\Users\Admin\.m2\repository\org\hibernate\common\hibernate-commons-annotations\6.0.6.Final\hibernate-commons-annotations-6.0.6.Final.jar;C:\Users\Admin\.m2\repository\io\smallrye\jandex\3.0.5\jandex-3.0.5.jar;C:\Users\Admin\.m2\repository\com\fasterxml\classmate\1.5.1\classmate-1.5.1.jar;C:\Users\Admin\.m2\repository\net\bytebuddy\byte-buddy\1.14.5\byte-buddy-1.14.5.jar;C:\Users\Admin\.m2\repository\org\glassfish\jaxb\jaxb-runtime\4.0.3\jaxb-runtime-4.0.3.jar;C:\Users\Admin\.m2\repository\org\glassfish\jaxb\jaxb-core\4.0.3\jaxb-core-4.0.3.jar;C:\Users\Admin\.m2\repository\org\eclipse\angus\angus-activation\2.0.1\angus-activation-2.0.1.jar;C:\Users\Admin\.m2\repository\org\glassfish\jaxb\txw2\4.0.3\txw2-4.0.3.jar;C:\Users\Admin\.m2\repository\com\sun\istack\istack-commons-runtime\4.1.2\istack-commons-runtime-4.1.2.jar;C:\Users\Admin\.m2\repository\jakarta\inject\jakarta.inject-api\2.0.1\jakarta.inject-api-2.0.1.jar;C:\Users\Admin\.m2\repository\org\antlr\antlr4-runtime\4.10.1\antlr4-runtime-4.10.1.jar;C:\Users\Admin\.m2\repository\org\springframework\data\spring-data-jpa\3.1.2\spring-data-jpa-3.1.2.jar;C:\Users\Admin\.m2\repository\org\springframework\data\spring-data-commons\3.1.2\spring-data-commons-3.1.2.jar;C:\Users\Admin\.m2\repository\org\springframework\spring-orm\6.0.11\spring-orm-6.0.11.jar;C:\Users\Admin\.m2\repository\org\springframework\spring-context\6.0.11\spring-context-6.0.11.jar;C:\Users\Admin\.m2\repository\org\springframework\spring-tx\6.0.11\spring-tx-6.0.11.jar;C:\Users\Admin\.m2\repository\org\springframework\spring-beans\6.0.11\spring-beans-6.0.11.jar;C:\Users\Admin\.m2\repository\jakarta\annotation\jakarta.annotation-api\2.1.1\jakarta.annotation-api-2.1.1.jar;C:\Users\Admin\.m2\repository\org\springframework\spring-aspects\6.0.11\spring-aspects-6.0.11.jar;C:\Users\Admin\.m2\repository\org\springframework\boot\spring-boot-starter-thymeleaf\3.1.2\spring-boot-starter-thymeleaf-3.1.2.jar;C:\Users\Admin\.m2\repository\org\springframework\boot\spring-boot-starter\3.1.2\spring-boot-starter-3.1.2.jar;C:\Users\Admin\.m2\repository\org\springframework\boot\spring-boot-starter-logging\3.1.2\spring-boot-starter-logging-3.1.2.jar;C:\Users\Admin\.m2\repository\ch\qos\logback\logback-classic\1.4.8\logback-classic-1.4.8.jar;C:\Users\Admin\.m2\repository\ch\qos\logback\logback-core\1.4.8\logback-core-1.4.8.jar;C:\Users\Admin\.m2\repository\org\apache\logging\log4j\log4j-to-slf4j\2.20.0\log4j-to-slf4j-2.20.0.jar;C:\Users\Admin\.m2\repository\org\apache\logging\log4j\log4j-api\2.20.0\log4j-api-2.20.0.jar;C:\Users\Admin\.m2\repository\org\slf4j\jul-to-slf4j\2.0.7\jul-to-slf4j-2.0.7.jar;C:\Users\Admin\.m2\repository\org\yaml\snakeyaml\1.33\snakeyaml-1.33.jar;C:\Users\Admin\.m2\repository\org\thymeleaf\thymeleaf-spring6\3.1.1.RELEASE\thymeleaf-spring6-3.1.1.RELEASE.jar;C:\Users\Admin\.m2\repository\org\springframework\boot\spring-boot-starter-web\3.1.2\spring-boot-starter-web-3.1.2.jar;C:\Users\Admin\.m2\repository\org\springframework\boot\spring-boot-starter-json\3.1.2\spring-boot-starter-json-3.1.2.jar;C:\Users\Admin\.m2\repository\com\fasterxml\jackson\core\jackson-databind\2.15.2\jackson-databind-2.15.2.jar;C:\Users\Admin\.m2\repository\com\fasterxml\jackson\core\jackson-annotations\2.15.2\jackson-annotations-2.15.2.jar;C:\Users\Admin\.m2\repository\com\fasterxml\jackson\core\jackson-core\2.15.2\jackson-core-2.15.2.jar;C:\Users\Admin\.m2\repository\com\fasterxml\jackson\datatype\jackson-datatype-jdk8\2.15.2\jackson-datatype-jdk8-2.15.2.jar;C:\Users\Admin\.m2\repository\com\fasterxml\jackson\datatype\jackson-datatype-jsr310\2.15.2\jackson-datatype-jsr310-2.15.2.jar;C:\Users\Admin\.m2\repository\com\fasterxml\jackson\module\jackson-module-parameter-names\2.15.2\jackson-module-parameter-names-2.15.2.jar;C:\Users\Admin\.m2\repository\org\springframework\boot\spring-boot-starter-tomcat\3.1.2\spring-boot-starter-tomcat-3.1.2.jar;C:\Users\Admin\.m2\repository\org\apache\tomcat\embed\tomcat-embed-core\10.1.11\tomcat-embed-core-10.1.11.jar;C:\Users\Admin\.m2\repository\org\apache\tomcat\embed\tomcat-embed-el\10.1.11\tomcat-embed-el-10.1.11.jar;C:\Users\Admin\.m2\repository\org\apache\tomcat\embed\tomcat-embed-websocket\10.1.11\tomcat-embed-websocket-10.1.11.jar;C:\Users\Admin\.m2\repository\org\springframework\spring-web\6.0.11\spring-web-6.0.11.jar;C:\Users\Admin\.m2\repository\io\micrometer\micrometer-observation\1.11.2\micrometer-observation-1.11.2.jar;C:\Users\Admin\.m2\repository\io\micrometer\micrometer-commons\1.11.2\micrometer-commons-1.11.2.jar;C:\Users\Admin\.m2\repository\org\springframework\spring-webmvc\6.0.11\spring-webmvc-6.0.11.jar;C:\Users\Admin\.m2\repository\org\springframework\spring-expression\6.0.11\spring-expression-6.0.11.jar;C:\Users\Admin\.m2\repository\org\springframework\boot\spring-boot-devtools\3.1.2\spring-boot-devtools-3.1.2.jar;C:\Users\Admin\.m2\repository\org\springframework\boot\spring-boot\3.1.2\spring-boot-3.1.2.jar;C:\Users\Admin\.m2\repository\org\springframework\boot\spring-boot-autoconfigure\3.1.2\spring-boot-autoconfigure-3.1.2.jar;C:\Users\Admin\.m2\repository\com\mysql\mysql-connector-j\8.0.33\mysql-connector-j-8.0.33.jar;C:\Users\Admin\.m2\repository\org\projectlombok\lombok\1.18.28\lombok-1.18.28.jar;C:\Users\Admin\.m2\repository\org\springframework\boot\spring-boot-starter-security\3.1.2\spring-boot-starter-security-3.1.2.jar;C:\Users\Admin\.m2\repository\org\springframework\spring-aop\6.0.11\spring-aop-6.0.11.jar;C:\Users\Admin\.m2\repository\org\springframework\security\spring-security-config\6.1.2\spring-security-config-6.1.2.jar;C:\Users\Admin\.m2\repository\org\springframework\security\spring-security-core\6.1.2\spring-security-core-6.1.2.jar;C:\Users\Admin\.m2\repository\org\springframework\security\spring-security-crypto\6.1.2\spring-security-crypto-6.1.2.jar;C:\Users\Admin\.m2\repository\org\springframework\security\spring-security-web\6.1.2\spring-security-web-6.1.2.jar;C:\Users\Admin\.m2\repository\jakarta\xml\bind\jakarta.xml.bind-api\4.0.0\jakarta.xml.bind-api-4.0.0.jar;C:\Users\Admin\.m2\repository\jakarta\activation\jakarta.activation-api\2.1.2\jakarta.activation-api-2.1.2.jar;C:\Users\Admin\.m2\repository\org\springframework\spring-core\6.0.11\spring-core-6.0.11.jar;C:\Users\Admin\.m2\repository\org\springframework\spring-jcl\6.0.11\spring-jcl-6.0.11.jar;C:\Users\Admin\.m2\repository\nz\net\ultraq\thymeleaf\thymeleaf-layout-dialect\3.2.1\thymeleaf-layout-dialect-3.2.1.jar;C:\Users\Admin\.m2\repository\org\apache\groovy\groovy\4.0.13\groovy-4.0.13.jar;C:\Users\Admin\.m2\repository\nz\net\ultraq\groovy\groovy-extensions\2.1.0\groovy-extensions-2.1.0.jar;C:\Users\Admin\.m2\repository\nz\net\ultraq\thymeleaf\thymeleaf-expression-processor\3.1.1\thymeleaf-expression-processor-3.1.1.jar;C:\Users\Admin\.m2\repository\org\thymeleaf\thymeleaf\3.1.1.RELEASE\thymeleaf-3.1.1.RELEASE.jar;C:\Users\Admin\.m2\repository\ognl\ognl\3.3.4\ognl-3.3.4.jar;C:\Users\Admin\.m2\repository\org\javassist\javassist\3.29.0-GA\javassist-3.29.0-GA.jar;C:\Users\Admin\.m2\repository\org\attoparser\attoparser\2.0.6.RELEASE\attoparser-2.0.6.RELEASE.jar;C:\Users\Admin\.m2\repository\org\unbescape\unbescape\1.1.6.RELEASE\unbescape-1.1.6.RELEASE.jar;C:\Users\Admin\.m2\repository\org\slf4j\slf4j-api\2.0.7\slf4j-api-2.0.7.jar
Launcher Type: SUN_STANDARD

[Global flags]
     intx CICompilerCount                          = 4                                         {product} {ergonomic}
     uint ConcGCThreads                            = 2                                         {product} {ergonomic}
     uint G1ConcRefinementThreads                  = 8                                         {product} {ergonomic}
   size_t G1HeapRegionSize                         = 1048576                                   {product} {ergonomic}
    uintx GCDrainStackTargetSize                   = 64                                        {product} {ergonomic}
   size_t InitialHeapSize                          = 130023424                                 {product} {ergonomic}
   size_t MarkStackSize                            = 4194304                                   {product} {ergonomic}
   size_t MaxHeapSize                              = 2080374784                                {product} {ergonomic}
   size_t MaxNewSize                               = 1247805440                                {product} {ergonomic}
   size_t MinHeapDeltaBytes                        = 1048576                                   {product} {ergonomic}
   size_t MinHeapSize                              = 8388608                                   {product} {ergonomic}
    uintx NonNMethodCodeHeapSize                   = 5839372                                {pd product} {ergonomic}
    uintx NonProfiledCodeHeapSize                  = 122909434                              {pd product} {ergonomic}
    uintx ProfiledCodeHeapSize                     = 122909434                              {pd product} {ergonomic}
    uintx ReservedCodeCacheSize                    = 251658240                              {pd product} {ergonomic}
     bool SegmentedCodeCache                       = true                                      {product} {ergonomic}
     bool ShowCodeDetailsInExceptionMessages       = true                                   {manageable} {command line}
   size_t SoftMaxHeapSize                          = 2080374784                             {manageable} {ergonomic}
     bool UseCompressedClassPointers               = true                           {product lp64_product} {ergonomic}
     bool UseCompressedOops                        = true                           {product lp64_product} {ergonomic}
     bool UseG1GC                                  = true                                      {product} {ergonomic}
     bool UseLargePagesIndividualAllocation        = false                                  {pd product} {ergonomic}

Logging:
Log output configuration:
 #0: stdout all=warning uptime,level,tags foldmultilines=false
 #1: stderr all=off uptime,level,tags foldmultilines=false

Environment Variables:
JAVA_HOME=C:\Java\
PATH=C:/Program Files/Java/jdk-18.0.2.1/bin/server;C:/Program Files/Java/jdk-18.0.2.1/bin;C:\Java\bin;C:\Program Files\Microsoft\jdk-11.0.12.7-hotspot\bin;C:\Program Files\Common Files\Oracle\Java\javapath;C:\Windows\system32;C:\Windows;C:\Windows\System32\Wbem;C:\Windows\System32\WindowsPowerShell\v1.0\;C:\Windows\System32\OpenSSH\;C:\Program Files (x86)\NVIDIA Corporation\PhysX\Common;C:\Program Files\NVIDIA Corporation\NVIDIA NvDLISR;C:\Program Files\Java\jdk-17.0.1;C:\Program Files\Microsoft SQL Server\Client SDK\ODBC\170\Tools\Binn\;C:\Program Files\dotnet\;C:\Program Files (x86)\Microsoft SQL Server\160\Tools\Binn\;C:\Program Files\Microsoft SQL Server\160\Tools\Binn\;C:\Program Files\Microsoft SQL Server\160\DTS\Binn\;C:\WINDOWS\system32;C:\WINDOWS;C:\WINDOWS\System32\Wbem;C:\WINDOWS\System32\WindowsPowerShell\v1.0\;C:\WINDOWS\System32\OpenSSH\;C:\Program Files (x86)\Microsoft SQL Server\160\DTS\Binn\;C:\Program Files\Azure Data Studio\bin;C:\Program Files\Microsoft SQL Server\150\Tools\Binn\;C:\Program Files\Git\cmd;C:\Program Files\nodejs\;C:\Users\Admin\Downloads\apache-maven-3.9.2-bin\apache-maven-3.9.2\bin;C:\Program Files\MySQL\MySQL Shell 8.0\bin\;C:\Users\Admin\AppData\Local\Microsoft\WindowsApps;;C:\Program Files\Azure Data Studio\bin;C:\Users\Admin\.dotnet\tools;C:\Users\Admin\AppData\Local\Programs\Microsoft VS Code\bin;C:\Program Files\Azure Data Studio\bin;C:\Users\Admin\AppData\Roaming\npm;C:\WINDOWS\System32;
USERNAME=Admin
OS=Windows_NT
PROCESSOR_IDENTIFIER=Intel64 Family 6 Model 140 Stepping 1, GenuineIntel



---------------  S Y S T E M  ---------------

OS:
 Windows 11 , 64 bit Build 22621 (10.0.22621.2070)
OS uptime: 7 days 21:18 hours

CPU: total 8 (initial active 8) (4 cores per cpu, 2 threads per core) family 6 model 140 stepping 1 microcode 0xa4, cx8, cmov, fxsr, ht, mmx, 3dnowpref, sse, sse2, sse3, ssse3, sse4.1, sse4.2, popcnt, lzcnt, tsc, tscinvbit, avx, avx2, aes, erms, clmul, bmi1, bmi2, adx, avx512f, avx512dq, avx512cd, avx512bw, avx512vl, sha, fma, vzeroupper, avx512_vpopcntdq, avx512_vpclmulqdq, avx512_vaes, avx512_vnni, clflush, clflushopt, clwb, avx512_vbmi2, avx512_vbmi

Memory: 4k page, system-wide physical 7930M (1224M free)
TotalPageFile size 19864M (AvailPageFile size 3616M)
current process WorkingSet (physical memory assigned to process): 90M, peak: 380M
current process commit charge ("private bytes"): 379M, peak: 434M

vm_info: Java HotSpot(TM) 64-Bit Server VM (18.0.2.1+1-1) for windows-amd64 JRE (18.0.2.1+1-1), built on Aug 16 2022 01:46:33 by "mach5one" with MS VC++ 16.8 / 16.9 (VS2019)

END.
